<dataset><sequence><Authors>Li, J.; Vincx, M.</Authors><Year>1993</Year><Title>The temporal variation of intertidal nematodes in the Westerschelde. I. The importance of an estuarine gradient</Title><Series>Netherlands Journal of Aquatic Ecology</Series><Volume>27</Volume><Issue>2-4</Issue><Pagination>319-326</Pagination></sequence><sequence><Authors>Li, J.; Vincx, M.; Herman, P. M. J.; Heip, C. H. R.</Authors><Year>1997</Year><Title>Monitoring Meiobenthos Using cm-, m- and km-Scales in the Southern Bight of the North Sea</Title><Series>Mar. Env. Res.</Series><Volume>43</Volume><Pagination>265-278</Pagination></sequence><sequence><Authors>Li&#233;nard E.</Authors><Year>1870</Year><Title>Description d'esp&#232;ces nouvelles provenant de l'Ile Maurice</Title><Series>Journal de Conchyliologie</Series><Volume>18</Volume><Pagination>304-305</Pagination></sequence><sequence><Authors>Lin, F.-J.; Kensley, B.; Chan, T.-Y.</Authors><Year>2000</Year><Title>The rare axiid genus Oxyrhynchaxius parisi, 1971 (Decapoda: Thalassinidea), with a description of a new species from Australia</Title><Series>Journal of Crustacean Biology</Series><Volume>20 (Spec. issue 2)</Volume><Pagination>199-206</Pagination></sequence><sequence><Authors>Lipej, L.; Mavri&#269;, B.; &#381;i&#382;a, V.; Dul&#269;i&#263;, J.</Authors><Year>2008</Year><Title>The largescaled terapon Terapon theraps : a new Indo-Pacific fish in the Mediterranean Sea</Title><Series>Journal of Fish Biology</Series><Volume>73</Volume><Issue>7</Issue><Pagination>1819-1822</Pagination></sequence><sequence><Authors>Lipkin, Y.</Authors><Year>1972</Year><Title>Contribution to the knowledge of Suez Canal migration. Marine algal and sea-grass flora of the Suez Canal</Title><Series>Israel Journal of Zoology</Series><Volume>21</Volume><Pagination>405-446</Pagination></sequence><sequence><Authors>Lipkin, Y.; Safriel, U.</Authors><Year>1971</Year><Title>Intertidal Zonation on Rocky Shores at Mikhmoret (Mediterranean, Israel)</Title><Series>The Journal of Ecology</Series><Volume>59</Volume><Issue>1</Issue><Pagination>1-30</Pagination></sequence><sequence><Authors>Liu, J.Y. [Ruiyu] (ed.)</Authors><Year>2008</Year><Title>Checklist of marine biota of China seas</Title><Series>China Science Press</Series><Pagination>1267</Pagination></sequence><sequence><Authors>Llewellyn, J.</Authors><Year>1960</Year><Title>Amphibdellid (Monogenean) parasites of electric rays (Torpedinidae)</Title><Series>J. Mar. Biol. Ass. U.K.</Series><Volume>39</Volume><Pagination>561-589</Pagination></sequence><sequence><Authors>Lock, K.; Beyst, B.; Mees, J.</Authors><Year>1999</Year><Title>Circadiel patterns in the tidal plankton of a sandy beach in Zeebrugge (Belgium)</Title><Series>Belgian Journal of Zoology</Series><Volume>129</Volume><Pagination>339-352</Pagination></sequence><sequence><Authors>Lock, K.; Mees, J.; Vincx, M.; Goethals, P. L. M.</Authors><Year>2011</Year><Title>Did global warming and alien invasions affect surf zone hyperbenthic communities on sandy beaches in Belgium?</Title><Series>Hydrobiologia</Series><Volume>664</Volume><Pagination>173-181, + suppl. mat.</Pagination></sequence><sequence><Authors>Lopez-Gonzalez, P.J., J. Bresciani, R. Huys, A.F. Gonzalez, A Guerra &amp; S. Pascual</Authors><Year>2000</Year><Title>Description of Genesis vulcanoctopusi gen. et sp. nov. (Copepoda: Tisbidae) parasitic on a hydrothermal vent octopod and a reinterpretation of the life cycle of cholidyinid harpacticoids.</Title><Series>Cahiers de Biologie Marine</Series><Volume>41</Volume><Issue>3</Issue><Pagination>241-253</Pagination></sequence><sequence><Authors>L&#243;pez-Gonz&#225;lez, P.J.; Grinyo, J.; Gili, J.-M.</Authors><Year>2012</Year><Title>Rediscovery of Cereopsis studeri Koch, 1891, a forgotten Mediterranean soft coral species, and its inclusion in the genus Nidalia Gray, 1835 (Octocorallia, Alcyonacea, Nidaliidae)</Title><Series>Marine Biology Research</Series><Volume>8</Volume><Issue>7</Issue><Pagination>594-604</Pagination></sequence><sequence><Authors>L&#243;pez, Eduardo; Vi&#233;itez, Jos&#233; M.</Authors><Year>1999</Year><Title>Polychaete assemblages on non-encrusting infralittoral algae from the Chafarinas Islands (SW Mediterranean).</Title><Series>Cahiers de Biologie Marine</Series><Volume>40</Volume><Issue>4</Issue><Pagination>375-384</Pagination></sequence><sequence><Authors>Loppens, K.</Authors><Year>1902</Year><Title>Petricola pholadiformis L.</Title><Series>Bull. S&#233;ances Soc. (R.) Malacol. Belg.</Series><Volume>XXXVII</Volume><Pagination>XLI-XLII</Pagination></sequence><sequence><Authors>Lorenzen, S.</Authors><Year>1977</Year><Title>Revision der Xyalidae (freilebende Nematoden) auf der Grundlage einer kritischen Analyse von 56 Arten aus Nord- und Ostsee</Title><Series>Veroff. Inst. Meeresforsch. Bremerh.</Series><Volume>16</Volume><Pagination>197-261</Pagination></sequence><sequence><Title>Lotus International</Title><City>Milan</City></sequence><sequence><Authors>Lourie, A.; Ben-Tuvia, A.</Authors><Year>1970</Year><Title>Two Red Sea fishes, Pelates quadrilineatus (Bloch) and Crenidens crenidens (Forsskal) in the eastern Mediterranean.</Title><Series>Israel Journal of Zoology</Series><Volume>19</Volume><Issue>4</Issue><Pagination>203-207</Pagination></sequence><sequence><Authors>Lowry, J.K.; Stoddart, H.E.</Authors><Year>1993</Year><Title>The &lt;i&gt;Onisimus&lt;/i&gt; problem (Amphipoda, Lysianassoidea, Uristidae).</Title><Series>Zoologica Scripta</Series><Volume>22</Volume><Issue>2</Issue><Pagination>167-181</Pagination></sequence><sequence><Authors>Lyle, L.</Authors><Year>1922</Year><Title>Antithamnionella, a new genus of algae</Title><Series>Journal of Botany : British and foreign</Series><City>London</City><Volume>60</Volume><Issue>6</Issue><Pagination>346-350</Pagination></sequence><sequence><Authors>Lyman, T.</Authors><Year>1874</Year><Title>Ophiuridae and Astrophytidae: new and old</Title><Series>Bulletin of the Museum of Comparative Zo&#246;logy at Harvard College</Series><Volume>3</Volume><Pagination>221-272, 7 pls</Pagination></sequence><sequence><Authors>Macpherson, E.</Authors><Year>1993</Year><Title>Crustacea Decapoda: Species of the genus Paramunida Baba, 1988 (Galatheidae) from the Philippines, Indonesia and New Caledonia</Title><Book>R&#233;sultats des Campagnes MUSORSTOM 10</Book><Series>M&#233;moires du Mus&#233;um national d'Histoire naturelle. S&#233;rie A, Zoologie</Series><Volume>156</Volume><Pagination>443-473</Pagination></sequence><sequence><Authors>Macpherson, E.</Authors><Year>1996</Year><Title>Crustacea Decapoda: Species of the genera Munida Leach, 1820 and Paramunida Baba, 1988 (Galatheidae) from the seas around the Wallis and Futuna Islands</Title><Book>R&#233;sultats des Campagnes MUSORSTOM 15.</Book><Series>M&#233;moires du Mus&#233;um national d'Histoire naturelle. S&#233;rie A, Zoologie</Series><Volume>168</Volume><Pagination>387-421</Pagination></sequence><sequence><Authors>Maggs, C. A.; Hommersand, M. H.</Authors><Year>1993</Year><Title>Seaweeds of the British Isles Volume 1 Rhodophyta Part 3A Ceramiales</Title><Series>British Museum (Natural History</Series></sequence><sequence><Authors>Maldonado, M.</Authors><Year>1992</Year><Title>Demosponges of the red coral bottoms from the Alboran Sea</Title><Series>Journal of Natural History</Series><Volume>26</Volume><Pagination>1131-1161</Pagination></sequence><sequence><Authors>Maldonado, M.; Uriz, M.-J.</Authors><Year>1996</Year><Title>A new species of &lt;i&gt;Sphinctrella&lt;/i&gt; (Demospongiae: Astrophorida) and remarks on the status of the genus in the Mediterranean</Title><Series>Bulletin de l'Institut Royal des Sciences Naturelles de Belgique</Series><Volume>66</Volume><Issue>Suppl.</Issue><Pagination>175-184</Pagination></sequence><sequence><Authors>Malm, A.W.</Authors><Year>1865</Year><Title>Ichthyologiska Bidrag till Skandinaviens fauna</Title><Series>F&#246;rhandlingar vid de Skandinaviske Naturforskarnes</Series><Volume>9</Volume><Pagination>405-414</Pagination></sequence><sequence><Authors>Manning, R. B.</Authors><Year>1991</Year><Title>Crustacea Decapoda: Cecidocarcinus zibrowii, a new deep-water gall crab (Cryptochiridae) from New Caledonia</Title><Book>R&#233;sultats des Campagnes MUSORSTOM 9.</Book><Series>M&#233;moires du Mus&#233;um national d'Histoire naturelle. S&#233;rie A, Zoologie</Series><Volume>152</Volume><Pagination>515-520</Pagination></sequence><sequence><Authors>Mapstone, G.; Youngbluth, M.</Authors><Year>2020</Year><Title>New observations on the rare physonect &lt;em&gt;Melophysa&lt;/em&gt; &lt;em&gt;melo&lt;/em&gt; (Siphonophora; Agalmatidae) from the northern Gulf of Mexico</Title><Series>Zootaxa</Series><Volume>4732</Volume><Issue>1</Issue><Pagination>117-137</Pagination></sequence><sequence><Authors>Marcus, Er.</Authors><Year>1954</Year><Title>Turbellaria. Reports of the Lund University Expedition 1948-49.</Title><Series>Kungl Fysiograf Saellsk Handl NF</Series><Volume>64</Volume><Issue>13</Issue><Pagination>115</Pagination></sequence><sequence><Authors>Mares, J.</Authors><Year>1994</Year><Title>Strandexcursie te Oostende (Opex) op 13 april 199</Title><Series>De Strandvlo</Series><Volume>14</Volume><Issue>3</Issue><Pagination>103-106</Pagination></sequence><sequence><Authors>Marie, P.</Authors><Year>1941</Year><Title>Les Foraminif&#232;res de la craie &#224; Belemnitella mucronata du Bassin de Paris.</Title><Series>M&#233;moires du Mus&#233;um National d'Histoire Naturelle de Paris, Nouvelle S&#233;rie</Series><Volume>12</Volume><Pagination>1-296</Pagination></sequence><sequence><Authors>Maris, T.; Beauchard, O.; Van Damme, S.; Van den Bergh, E.; Wijnhoven, S.; Meire, P.</Authors><Year>2013</Year><Title>Referentiematrices en Ecotoopoppervlaktes Annex bij de Evaluatiemethodiek Schelde-estuarium Studie naar &#8220;Ecotoopoppervlaktes en intactness index&#8221;</Title><Series>Monitor Taskforce Publication Series</Series><Publisher>NIOZ</Publisher><City>Yerseke</City><Volume>2013-01</Volume><Pagination>35</Pagination></sequence><sequence><Authors>Markham, J. C.</Authors><Year>1999</Year><Title>Crustacea Isopoda: Bopyridae in the MUSORSTOM collections from the tropical Indo-Pacific II.  Species in the subfamily Pseudioninae infesting non-anomuran hosts</Title><Book>R&#233;sultats des Campagnes MUSORSTOM Volume 20</Book><Series>M&#233;moires du Mus&#233;um National d'Histoire Naturelle</Series><Volume>180</Volume><Pagination>253-265</Pagination></sequence><sequence><Authors>Markowski, S</Authors><Year>1935</Year><Title>Die paratischen W&#252;rmer von Gobius minutus Pall. des polnischen Balticums</Title><Series>Bulletin de l'Acad&#233;mie Polonaise des Sciences</Series><Volume>6-7</Volume><Pagination>251-260</Pagination></sequence><sequence><Authors>Marques, J.C.; Bellan-Santini, D.</Authors><Year>1990</Year><Title>Benthic amphipod fauna (Crustacea) of the Portuguese coast: biogeographical considerations</Title><Series>Marine Nature</Series><Volume>3</Volume><Pagination>43-51</Pagination></sequence><sequence><Authors>Martens, E.; Moens, J.</Authors><Year>1995</Year><Title>The metazoan ecto- and endoparasites of the rabbitfish, Siganus sutor (Cuvier &amp; Valenciennes, 1835) of the Kenyan coast. I</Title><Series>African Journal of Ecology</Series><Volume>33</Volume><Issue>4</Issue><Pagination>405-416</Pagination></sequence><sequence><Authors>Martens, P.M.; Schockaert, E.R.</Authors><Year>1981</Year><Title>Sand dwelling Turbellaria from the Netherlands Delta area.</Title><Series>Hydrobiologia</Series><Volume>84</Volume><Pagination>113-127</Pagination></sequence><sequence><Authors>Mart&#237;, R.; Uriz, M.J.; Ballesteros, E.; Turon, X.</Authors><Year>2004</Year><Title>Benthic assemblages in two Mediterranean caves: species diversity and coverage as a function of abiotic parameters and geographic distance</Title><Series>Journal of the Marine Biological Association of the United Kingdom</Series><Volume>84</Volume><Issue>3</Issue><Pagination>557-572</Pagination></sequence><sequence><Authors>Mart&#237;, R.; Uriz, M.J.; Ballesteros, E.; Turon, X.</Authors><Year>2004</Year><Title>Temporal variation of several structure descriptors in animal-dominated benthic communities in two Mediterranean caves</Title><Series>Journal of the Marine Biological Association of the United Kingdom</Series><Volume>84</Volume><Issue>3</Issue><Pagination>573-580</Pagination></sequence><sequence><Authors>Martinelli, M.; Milella, I.; Lardicci, C.</Authors><Year>1992</Year><Title>&lt;i&gt;Prionospio (Apoprionospio) pygmaea&lt;/i&gt; Hartman, (Polychaeta, Spionidae): Premi&#232;re signalisation en M&#233;diterran&#233;e</Title><Series>Marine Life</Series><Volume>1</Volume><Issue>1</Issue><Pagination>17-20</Pagination></sequence><sequence><Authors>Maruyama, M.; Ahn, K.</Authors><Year>2000</Year><Title>Redescription of Liparocephalus litoralis, and key to the species of Liparocephalus (Coleoptera: Staphylinidae: Aleocharinae)</Title><Series>Can. Entomol</Series><Volume>132</Volume><Issue>5</Issue><Pagination>567-571</Pagination></sequence><sequence><Authors>Massin, C.; Appeltans, W.; Van Hoey, G.; Vincx, M.; Degraer, S.</Authors><Year>2005</Year><Title>Leptosynapta minuta (Becher, 1906) (Echinodermata, Holothuroidea), a new record for Belgian marine waters</Title><Series>Belg. J. Zool.</Series><Volume>135</Volume><Issue>1</Issue><Pagination>83-86</Pagination></sequence><sequence><Authors>Massin, C.; Norro, A.; Mallefet, J.</Authors><Year>2002</Year><Title>Biodiversity of a wreck from the Belgian Continental Shelf: monitoring using scientific diving. Preliminary results.</Title><Series>Bulletin de l'Institut Royal des Sciences Naturelles de Belgique (Biologie)</Series><Volume>72</Volume><Pagination>67-72</Pagination></sequence><sequence><Authors>Mastrototaro, F.; Matarrese, A.; D'Onghia, G.</Authors><Year>2003</Year><Title>Occurrence of &lt;i&gt;Musculista senhousia&lt;/i&gt; (Mollusca: Bivalvia) in the Taranto seas (eastern-central Mediterranean Sea)</Title><Series>Journal of the Marine Biological Association of the UK</Series><Volume>83</Volume><Issue>6</Issue><Pagination>1279-1280</Pagination></sequence><sequence><Authors>Mayhoub, M. H.</Authors><Year>1976</Year><Title>Sur l'existence d'un &lt;i&gt;Derbesia&lt;/i&gt; dans le cycle de l'&lt;i&gt;Halicystis boergesenii&lt;/i&gt; Iyengar et Raman (Chlorophyc&#233;es, Derb&#233;siales).</Title><Series>Compte Rendu Hebdomadaire des S&#233;ances de l'Acad&#233;mie des Sciences. Paris. S&#233;rie D</Series><Volume>282</Volume><Pagination>707-710</Pagination></sequence><sequence><Authors>Mccarthy, A.M.; Gerken, S.; Mcgrath, D.; Mccormack, G.P.</Authors><Year>2006</Year><Title>Monopseudocuma a new genus from the North East Atlantic and redescription of Pseudocuma gilsoni Ba&#269;escu, 1950 (Cumacea: Pseudocumatidae)</Title><Series>Zootaxa</Series><Volume>1203</Volume><Pagination>39-56</Pagination></sequence><sequence><Authors>McLaughlin, P.A.; Hogarth, P.J.</Authors><Year>1998</Year><Title>Hermit crabs (Decapoda: Anomura: Paguridae) from the Seychelles</Title><Series>Zoologische Verhandelingen</Series><Volume>318</Volume><Pagination>3-48</Pagination></sequence><sequence><Authors>Mees, J.; Cattrijsse, A.; Hamerlynck, O.</Authors><Year>1993</Year><Title>Distribution and abundance of shallow-water hyperbenthic mysids (Crustacea, Mysidacea) and euphausiids (Crustacea, Euphausiacea) in the Voordelta and the Westerschelde, southwest Netherlands</Title><Series>Cahiers de Biologie Marine</Series><Volume>34</Volume><Pagination>165-186</Pagination></sequence><sequence><Authors>Mees, J.; Dewicke, A.; Hamerlynck, O.</Authors><Year>1993</Year><Title>Seasonal Composition and Spatial Distribution of Hyperbenthic Communities Along Estuarine Gradients in the Westerschelde</Title><Series>Netherlands Journal of Aquatic Ecology</Series><Volume>27</Volume><Issue>2-4</Issue><Pagination>359-376</Pagination></sequence><sequence><Authors>Mees, J.; Fockedey, N.</Authors><Year>1993</Year><Title>First record of Synidotea laevidorsalis (Miers, 1881) (Crustacea: Isopoda) in Europe (Gironde estuary, France)</Title><Series>Hydrobiologia</Series><Volume>264</Volume><Issue>1</Issue><Pagination>61-63</Pagination></sequence><sequence><Authors>Mees, J.; Jones, M. B.</Authors><Year>1997</Year><Title>The hyperbenthos</Title><Series>Oceanography and marine Biology: an annual review</Series><Volume>35</Volume><Pagination>221-255</Pagination></sequence><sequence><Authors>Meixner, J.</Authors><Year>1938</Year><Title>Turbellaria (Strudelw&#252;rmer).</Title><Series>Die Tierwelt der Nord- und Ostsee. Allgemeiner Teil. In: G. Grimpe, E. Wagler, A Remane (eds).</Series><Volume>33</Volume><Issue>IVb</Issue><Pagination>1-146, 220 f.</Pagination></sequence><sequence><Authors>Mercier, L.</Authors><Year>1923</Year><Title>Dipt&#232;res de la C&#244;te du Calvados. IVme liste</Title><Series>Annales de la Soci&#233;t&#233; Entomologique de Belgique</Series><Volume>63</Volume><Issue>1</Issue><Pagination>9-20</Pagination></sequence><sequence><Authors>Merckx, B.; Goethals, P.; Steyaert, M.; Vanreusel, A.; Vincx, M.; Vanaverbeke, J.</Authors><Year>2009</Year><Title>Predictability of marine nematode biodiversity</Title><Series>Ecological Modelling</Series><Volume>220</Volume><Issue>11</Issue><Pagination>1449-1458</Pagination></sequence><sequence><Authors>Messiaen, M.; Lock, K.; Gabriels, W.; Vercauteren, Th.; Wouters, K.; Boets, P.; Goethals, P.L.M.</Authors><Year>2010</Year><Title>Alien macrocrustaceans in freshwater ecosystems in the eastern part of Flanders (Belgium).</Title><Series>Belg. J. Zool.</Series><Volume>140</Volume><Issue>1</Issue><Pagination>30-39</Pagination></sequence><sequence><Title>Metropolitan Museum of Art Bulletin</Title><City>New York</City></sequence><sequence><Authors>Mgaya, Y. D.; Mercer, J. P.</Authors><Year>1994</Year><Title>A review of the biology, ecology, fisheries and mariculture of the European abalone &lt;i&gt;Haliotis tuberculata&lt;/i&gt; Linnaeus 1758 (Gastropoda: Haliotidae).</Title><Series>Biology and Environment: Proceedings of the Royal Irish Academy</Series><Volume>94B</Volume><Issue>3</Issue><Pagination>285-304</Pagination></sequence><sequence><Authors>Micali, P.; Palazzi, S.</Authors><Year>1992</Year><Title>Contributo alla conoscenza dei Pyramidellidae della Turchia, con segnalazione di due nuove immigrazioni dal Mar Rosso</Title><Series>Bollettino Malacologico</Series><Volume>28</Volume><Issue>1-4</Issue><Pagination>83-90</Pagination></sequence><sequence><Authors>Michaelsen, W.</Authors><Year>1926</Year><Title>Oligochaeten aus dem Ryck bei greifswald und von benachbarten Meeresgebieten</Title><Series>Mitteilungen aus dem Hamburgischen Zoologi-schen Museum und Instituut</Series><Volume>42</Volume><Pagination>21-29</Pagination></sequence><sequence><Authors>Mienis, H. K.</Authors><Year>1972</Year><Title>On the nomenclature and distribution of &lt;i&gt;Columbella savignyi&lt;/i&gt;</Title><Series>Argamon</Series><Volume>3</Volume><Issue>1-4</Issue><Pagination>17-19</Pagination></sequence><sequence><Authors>Mienis, H. K.</Authors><Year>1976</Year><Title>&lt;i&gt;Ventomnestia girardi&lt;/i&gt; Audouin, 1827 from the Mediterranean</Title><Series>Conchiglie</Series><Volume>12</Volume><Issue>9-10</Issue><Pagination>209-210</Pagination></sequence><sequence><Authors>Mienis, H. K.</Authors><Year>1976</Year><Title>An other immigrant from the Red Sea: &lt;i&gt;Diala semistriata&lt;/i&gt;</Title><Series>Levantina</Series><Volume>4</Volume><Pagination>30</Pagination></sequence><sequence><Authors>Mienis, H. K.</Authors><Year>1977</Year><Title>&lt;i&gt;Cerithium nesioticum&lt;/i&gt; Pilsbry &amp; Vanatta, 1906. Another Indo-Pacific species from the Mediterranean coast of Israel.</Title><Series>Conchiglie</Series><Volume>13</Volume><Issue>1-2</Issue><Pagination>45</Pagination></sequence><sequence><Authors>Mienis, H. K.</Authors><Year>1980</Year><Title>A record of the Indo-Pacific species &lt;i&gt;Trapezium oblongum&lt;/i&gt; from the Mediterranean coast of Israel</Title><Series>Levantina</Series><Volume>27</Volume><Pagination>313-314</Pagination></sequence><sequence><Authors>Mienis, H. K.</Authors><Year>1985</Year><Title>&lt;i&gt;Metaxia bacilla&lt;/i&gt; and &lt;i&gt;Kleinella amoena&lt;/i&gt;: two other Indo-Pacific species from the Mediterranea coast of Israel</Title><Series>Levantina</Series><Volume>54</Volume><Pagination>619-620</Pagination></sequence><sequence><Authors>Mienis, H. K.</Authors><Year>1990</Year><Title>&lt;i&gt;Cypraea lentiginosa&lt;/i&gt;: Another odd record of an exotic cowry from the Mediterranean coast of Israel</Title><Series>De Kreukel</Series><Volume>26</Volume><Issue>10</Issue><Pagination>119-121</Pagination></sequence><sequence><Authors>Mienis, H. K.</Authors><Year>2000</Year><Title>Additional finds of an Indo-Pacific bivalve species: &lt;i&gt;Circenita callipyga&lt;/i&gt;, on the Mediterranean coast of Israel</Title><Series>Triton</Series><Volume>1</Volume><Pagination>6-7</Pagination></sequence><sequence><Authors>Mienis, H. K.</Authors><Year>2004</Year><Title>Marine molluscs from the Eastern Mediterranean 19. The first finds of &lt;i&gt;Chama aspersa&lt;/i&gt; Reeve, 1846.</Title><Series>Spirula</Series><Volume>337</Volume><Pagination>34-35</Pagination></sequence><sequence><Authors>Mienis, H. K.; Galili, E.; Rapoport, J.</Authors><Year>1993</Year><Title>The Spiny Oyster, &lt;i&gt;Spondylus spinosus&lt;/i&gt;, a well-established Indo-Pacific bivalve in the Eastern Mediterranean off Israel (Mollusca, Bivalvia, Spondylidae)</Title><Series>Zoology in the Middle East</Series><Volume>9</Volume><Pagination>83-91</Pagination></sequence><sequence><Authors>Mienis, H. K.; Singer, B.</Authors><Year>1983</Year><Title>&lt;i&gt;Cypraea gracilis&lt;/i&gt;: an interesting addition to the mollusc fauna of the Mediterranean coast of Israel</Title><Series>Levantina</Series><Volume>46</Volume><Pagination>535-537</Pagination></sequence><sequence><Authors>Mienis, H.K.</Authors><Year>2002</Year><Title>Marine molluscs from the Eastern Mediterranean 9. Again a new Indo-Pacific migrant: &lt;i&gt;Diodora funiculata&lt;/i&gt;.</Title><Series>Spirula</Series><Volume>327</Volume><Pagination>73</Pagination></sequence><sequence><Authors>Mienis, H.K.</Authors><Year>2003</Year><Title>Mariene Mollusken  uit het Oostelijk deel van de Middellandse zee 15. Invasie van rugschilden van &lt;i&gt;Sepia pharaonis&lt;/i&gt; langs de kust van Israel.</Title><Series>SPIRULA- Correspondentieblad van de Nederlandse Malacologische Vereniging</Series><Volume>335</Volume><Pagination>127-129</Pagination></sequence><sequence><Authors>Mienis, H.K.</Authors><Year>2003</Year><Title>Marine molluscs from the Eastern Mediterranean 11. A first find of &lt;i&gt;Cerithium columna&lt;/i&gt; Sowerby, 1834</Title><Series>Spirula</Series><Volume>331</Volume><Pagination>31-32</Pagination></sequence><sequence><Authors>Mienis, H.K.</Authors><Year>2003</Year><Title>Marine molluscs from the Eastern Mediterranean 14. The first finds of &lt;i&gt;Octopus cyanea&lt;/i&gt;</Title><Series>Spirula</Series><Volume>333</Volume><Pagination>88-89</Pagination></sequence><sequence><Authors>Mienis, H.K.</Authors><Year>2006</Year><Title>Marine molluscs from the eastern Mediterranean, 27. The exotic species &lt;i&gt;Ergalatax obscura&lt;/i&gt; Houart, 1996 now also in Israel.</Title><Series>Spirula</Series><Volume>349</Volume><Pagination>32-33</Pagination></sequence><sequence><Authors>Mienis, H.K.</Authors><Year>2008</Year><Title>New or little known marine molluscs of Red Sea or Indo- Pacific origin from the Mediterranean coast of Israel</Title><Series>Triton</Series><Volume>17</Volume><Pagination>5-6</Pagination></sequence><sequence><Authors>Mifsud, C.; Ovalis, P.</Authors><Year>2003</Year><Title>A note on new discoveries and the distribution of a few Mollusca from the Eastern Mediterranean</Title><Series>La Conchiglia</Series><Volume>306</Volume><Pagination>20-25</Pagination></sequence><sequence><Title>Milieudefensie magazine</Title></sequence><sequence><Title>Military Medical Research</Title><Publisher>BIOMED CENTRAL LTD</Publisher><City>London</City></sequence><sequence><Authors>Millar, R. H.</Authors><Year>1955</Year><Title>On a collection of ascidians from South Africa</Title><Series>Proc. Zool. Soc. Lond.</Series><Volume>125</Volume><Issue>1</Issue><Pagination>169-221</Pagination></sequence><sequence><Authors>Millar, R. H.</Authors><Year>1962</Year><Title>Further descriptions of South African ascidians</Title><Series>Ann. S. Afr. Mus.</Series><Volume>46</Volume><Issue>7</Issue><Pagination>113-221</Pagination></sequence><sequence><Authors>Millar, R. H.</Authors><Year>1988</Year><Title>Ascidians collected during the International Indian Ocean Expedition</Title><Series>J. Nat. Hist.</Series><Volume>22</Volume><Pagination>823-848</Pagination></sequence><sequence><Authors>Mizzan, L.</Authors><Year>1993</Year><Title>Presence of swimming crabs of the genus &lt;i&gt;Callinectes&lt;/i&gt; (Stimpson) (Decapoda, Portunidae) in the Venice Lagoon (North Adriatic sea - Italy): first record of &lt;i&gt;Callinectes danae&lt;/i&gt; Smith in European waters</Title><Series>Boll. Mus. civ. St. nat. Venezia</Series><Volume>42 (1991)</Volume><Pagination>31-43</Pagination></sequence><sequence><Authors>Moens, J. B.; Martens, E. E.; Schockaert, E. R.</Authors><Year>1994</Year><Title>Syndesmis longicanalis sp. nov., an umagillid turbellarian (Plathelminthes) from echinoids from the Kenyan coast.</Title><Series>Belgian Journal of Zoology</Series><Volume>124</Volume><Issue>2</Issue><Pagination>105-114</Pagination></sequence><sequence><Authors>Moens, T.; Dos Santos, G.; Thompson, F.; Swings, J.; Fons&#234;ca-Genevois, V.; Vincx, M.; De Mesel, I.</Authors><Year>2005</Year><Title>Do nematode mucus secretions affect bacterial growth?</Title><Series>Aquatic Microbial Ecology</Series><Volume>40</Volume><Pagination>77-83</Pagination></sequence><sequence><Authors>Moens, T.; Luyten, C.; Middelburg, J.; Herman, P.; Vincx, M.</Authors><Year>2002</Year><Title>Tracing organic matter sources of estuarine tidal flat nematodes with stable carbon isotopes</Title><Series>Marine Ecology Progress Series</Series><Volume>234</Volume><Pagination>127-137</Pagination></sequence><sequence><Authors>Moens, T.; Verbeeck, L.; Vincx, M.</Authors><Year>1999</Year><Title>Feeding biology of a predatory and a facultatively predatory nematode (Enoploides longispiculosus and Adoncholaimus fuscus)</Title><Series>Marine Biology</Series><Volume>134</Volume><Pagination>585-593</Pagination></sequence><sequence><Authors>Moens, T.; Vincx, M.</Authors><Year>1997</Year><Title>Observations on the feeding ecology of estuarine nematodes</Title><Series>J. mar. biol. Ass. U. K.</Series><Volume>77</Volume><Pagination>211-227</Pagination></sequence><sequence><Authors>Moens, T.; Vincx, M.</Authors><Year>2000</Year><Title>Temperature and salinity constraints on the life cycle of two brackish-water nematode species</Title><Series>Journal of Experimental Marine Biology and Ecology</Series><Volume>243</Volume><Issue>1</Issue><Pagination>115-135</Pagination></sequence><sequence><Authors>Moens, T.; Vincx, M.</Authors><Year>2000</Year><Title>Temperature, salinity and food thresholds in two brackish-water bacterivorous nematode species: assessing niches from food absorption and respiration experiments</Title><Series>Journal of Experimental Marine Biology and Ecology</Series><Volume>243</Volume><Issue>1</Issue><Pagination>137-154</Pagination></sequence><sequence><Authors>Mohammed, M.; Keyser, D.</Authors><Year>2012</Year><Title>Recent ostracods from the tidal flats of the coast of Aden City, Yemen</Title><Series>Marine Biodiversity</Series><Volume>42</Volume><Issue>2</Issue><Pagination>247-280</Pagination></sequence><sequence><Authors>Mollaret, I.; Jamieson, B. G.; Justine, J.-L.</Authors><Year>2000</Year><Title>Phylogeny of the Monopisthocotylea and Polyopisthocotylea (Platyhelminthes) inferred from 28S rDNA sequences</Title><Series>International Journal for Parasitology</Series><Volume>30</Volume><Issue>2</Issue><Pagination>171-185</Pagination></sequence><sequence><Authors>Monard, A.</Authors><Year>1935</Year><Title>Etude sur la faune des Harpacticoides marins de Roscoff</Title><Series>Travaux de la Station Biologique de Roscoff</Series><Volume>13</Volume><Pagination>5-89, figs. 1-235</Pagination></sequence><sequence><Authors>Moncharmont Zei, M.</Authors><Year>1968</Year><Title>I foraminiferi di alcuni campioni di fondo prelevati lungo la costa di Beirut (Libano)</Title><Series>Bollettino della Societa dei Naturalisti in Napoli</Series><Volume>77</Volume><Pagination>3-34</Pagination></sequence><sequence><Authors>Monniot, C.</Authors><Year>1973</Year><Title>Redescription de six Ascidies du golfe d'Elat r&#233;colt&#233;es par H. Schuhmacher. [Redescription of six ascidians from the Gulf of Eilat, collected by H. Schuhmacher.]</Title><Series>Israel Journal of Zoology</Series><Volume>22</Volume><Pagination>51-62</Pagination></sequence><sequence><Authors>Monniot, C.; Monniot, F.</Authors><Year>1991</Year><Title>Tunicata: Peuplement d'ascidies profondes en Nouvelle-Caledonie. Diversite des strategies adaptives</Title><Book>R&#233;sultats des Campagnes MUSORSTOM 8</Book><Series>M&#233;moires du Mus&#233;um national d'Histoire naturelle. S&#233;rie A, Zoologie</Series><Volume>151</Volume><Pagination>357-448</Pagination></sequence><sequence><Authors>Monniot, F.</Authors><Year>2007</Year><Title>Some ascidians (Tunicata) from the Clipperton Island</Title><Series>Cah. Biol. Mar.</Series><Volume>48</Volume><Pagination>303-310</Pagination></sequence><sequence><Authors>Monniot, F.; Monniot, C.</Authors><Year>2000</Year><Title>Ascidiacea: Plurellidae collected in the Pacific Ocean by the cruises MUSORSTOM, KARUBAR and the "Coral Reef Research Foundation"</Title><Book>Resultats des Campagnes Musorstom, Volume 21</Book><Series>Memoires du Museum national d'Histoire naturelle</Series><Volume>184</Volume><Pagination>703-721</Pagination></sequence><sequence><Authors>Monod, T.</Authors><Year>1938</Year><Title>Mission Robert Ph. Dollfus en Egypte. VIII. Decapoda Brachyura.</Title><Series>M&#233;moires pr&#233;sent&#233;s &#224; l'Institut d'&#201;gypte</Series><Volume>37</Volume><Pagination>91-162</Pagination></sequence><sequence><Authors>Monterosato, T. A. di</Authors><Year>1900</Year><Title>Coquilles marines de Chypre</Title><Series>Journal de Conchyliologie</Series><Volume>47</Volume><Issue>4</Issue><Pagination>392-401</Pagination></sequence><sequence><Authors>Moodley, L.; Chen, G. T.; Heip, C.; Vincx, M.</Authors><Year>2000</Year><Title>Vertical distribution of meiofauna in sediments from contrasting sites in the Adriatic Sea: Clues to the role of abiotic versus biotic control.</Title><Series>Ophelia</Series><Volume>53</Volume><Issue>3</Issue><Pagination>203-212</Pagination></sequence><sequence><Authors>Moodley, L.; Steyaert, M.; Epping, E.; Middelburg, J. J.; Vincx, M.; Van Avesaath, P.; Moens, T.; Soetaert, K.</Authors><Year>2008</Year><Title>Biomass-specific respiration rates of benthic meiofauna: Demonstrating a novel oxygen micro-respiration system</Title><Series>Journal of Experimental Marine Biology and Ecology</Series><Volume>357</Volume><Issue>1</Issue><Pagination>41-47</Pagination></sequence><sequence><Authors>Moraes, F.C.; Muricy, G.</Authors><Year>2003</Year><Title>Taxonomy of &lt;i&gt;Plakortis&lt;/i&gt; and &lt;i&gt;Plakinastrella&lt;/i&gt; (Demospongiae: Plakinidae) from oceanic islands off north-eastern Brazil, with description of three new species.</Title><Series>Journal of the Marine Biological Association of the United Kingdom</Series><Volume>83</Volume><Issue>2</Issue><Pagination>385-397</Pagination></sequence><sequence><Authors>Moravec, F.</Authors><Year>1987</Year><Title>Revision of capillariid nematodes (subfamily Capillariinae) parasitic in fishes.</Title><Series>Academia nakladatelstv&#237; &#268;eskoslovensk&#233; akademie v&#283;d</Series></sequence><sequence><Authors>Moreira, J.; D&#237;az-Agras, G.; Cand&#225;s, M.; Se&#241;ar&#237;s, M. P.; Urgorri, V.</Authors><Year>2009</Year><Title>Leptostracans (Crustacea: Phyllocarida) from the R&#237;a de Ferrol (Galicia, NW Iberian Peninsula), with description of a new species of &lt;em&gt;Nebalia&lt;/em&gt; Leach, 1814</Title><Series>Scientia Marina</Series><Volume>73</Volume><Issue>2</Issue><Pagination>269-285</Pagination></sequence><sequence><Authors>Moreno, J.A.; Hoyos, A.</Authors><Year>1983</Year><Title>&lt;i&gt;Carcharhinus acarenatus&lt;/i&gt; nov. sp., nouveau requin Carcharhinidae de l'Atlantique Nord-Oriental et de la M&#233;diterran&#233;e Occidentale.</Title><Series>Cybium</Series><Volume>7</Volume><Issue>1</Issue><Pagination>57-64</Pagination></sequence><sequence><Authors>Mortensen, T.</Authors><Year>1938</Year><Title>Contributions to the study of the development and larval forms of Echinoderms. IV</Title><Series>Det Kongelige Danske videnskabernes selskabs skrifter. Naturvidenskabelig og mathematisk afdeling.</Series><Volume>9, series VII</Volume><Issue>3</Issue><Pagination>1-59, 30 figs, 12 pls.</Pagination></sequence><sequence><Authors>Mortier, S.</Authors><Year>1998</Year><Title>Tidale en diurnale ritmes van het hyperbenthos in het subtidaal van de Belgische oostkust</Title><Series>BSc Thesis. Universiteit Gent. Mariene Biologie. Instituut voor Dierkunde. Vakgroep Morfologie, Systematiek en Ecologie: Gent</Series><Pagination>94</Pagination></sequence><sequence><Authors>Mostafawi, N.</Authors><Year>2003</Year><Title>Recent ostracods from the Persian gulf</Title><Series>Senckenbergiana maritima</Series><Volume>32</Volume><Issue>1-2</Issue><Pagination>51-75</Pagination></sequence><sequence><Authors>Motschoulsky, V.</Authors><Year>1858</Year><Title>&#201;num&#233;ration des nouvelles esp&#232;ces de Col&#233;opt&#232;res rapport&#233;s de ses voyages</Title><Series>Bulletin de la Soci&#233;t&#233; Imp&#233;riale des Naturalistes de Moscou</Series><Volume>XXXI</Volume><Issue>III</Issue><Pagination>204-264</Pagination></sequence><sequence><Authors>Mouneimne, N.</Authors><Year>1979</Year><Title>Poissons nouveaux pour les cotes libanaises</Title><Series>Cybium</Series><Volume>6</Volume><Pagination>105-110</Pagination></sequence><sequence><Authors>Mu, F.H. &amp; R. Huys</Authors><Year>2002</Year><Title>New species of Stenhelia (Copepoda, Harpacticoida, Diosaccidae) from the Bohai Sea (China) with notes on subgeneric division and phylogenetic relationships.</Title><Series>Cahiers de Biologie Marine</Series><Volume>43</Volume><Issue>2</Issue><Pagination>179-206</Pagination></sequence><sequence><Authors>Mu, F.H. &amp; R. Huys</Authors><Year>2003</Year><Title>Canuellidae (Copepoda, Harpacticoida) from the Bohai Sea, China.</Title><Series>Journal of Natural History</Series><Volume>38</Volume><Issue>1</Issue><Pagination>1-36</Pagination></sequence><sequence><Authors>M&#252;ller, F.</Authors><Year>1858</Year><Title>Einiges &#252;ber die Annelidenfauna der Insel Santa Catharina an der brasilianischen K&#252;ste</Title><Series>Archiv f&#252;r Naturgeschichte, Berlin</Series><Volume>24</Volume><Pagination>211-220, plates VI-VII</Pagination></sequence><sequence><Authors>Mulsant, &#201;.; Rey, C</Authors><Year>1853</Year><Title>Description de quelques col&#233;opt&#232;res nouveaux ou peu connus, de la tribu des brach&#233;lytres.</Title><Series>Opuscules Entomologiques Deuxi&#232;me cahier</Series><Pagination>35-85, pl. I-II</Pagination></sequence><sequence><Authors>Munilla, T.; Soler Membrives, A.</Authors><Year>2008</Year><Title>Check-list of the pycnogonids from Antarctic and sub-Antarctic waters: zoogeographic implications</Title><Series>Antarctic Science</Series><Volume>21</Volume><Issue>2</Issue><Pagination>99</Pagination></sequence><sequence><Authors>Murano, M.</Authors><Year>2013</Year><Title>A new blind mysid genus, Eoamblyops, from Japan with the description of a new species (Crustacea, Mysida, Mysidae, Erythropinae)</Title><Series>Bull. Natl. Mus. Nat. Sci.</Series><Volume>39</Volume><Issue>4</Issue><Pagination>203-209</Pagination></sequence><sequence><Authors>Murina, G. V. V.; Zavodnik, D.</Authors><Year>1986</Year><Title>Sipuncula of the Adriatic Sea</Title><Series>Thalassia Jugoslavica</Series><Volume>21-22</Volume><Pagination>23-73</Pagination></sequence><sequence><Authors>Murphy, D. G.</Authors><Year>1964</Year><Title>Free-living marine nematodes, I. Southerniella youngi, Dagda phinneyi, and Gammanema smithi, new species</Title><Series>Proc. helminth. Soc. Wash.</Series><Volume>31</Volume><Pagination>190-198</Pagination></sequence><sequence><Authors>Murphy, D. G.</Authors><Year>1964</Year><Title>Pseudonchus jenseni n. sp. and Comesoma arenae Gerlach, 1956 marine nematodes from NSW Australia</Title><Series>Zool. Anz.</Series><Volume>173</Volume><Pagination>427-432</Pagination></sequence><sequence><Authors>Murphy, D. G.</Authors><Year>1966</Year><Title>An initial report on a collection of Chilean marine nematodes</Title><Series>Mitt. hamb. zool. Mus. Inst.</Series><Volume>63</Volume><Pagination>29-50</Pagination></sequence><sequence><Authors>Murphy, D. G.; Canaris, A. G.</Authors><Year>1964</Year><Title>Theristus pratti n.sp., a marine nematode from Kenya</Title><Series>Proc. helminth. Soc. Wash.</Series><Volume>31</Volume><Issue>2</Issue><Pagination>203-208</Pagination></sequence><sequence><Authors>Musco, Luigi; Giangrande, Adriana</Authors><Year>2005</Year><Title>A new sponge-associated species, &lt;i&gt;Syllis mayeri&lt;/i&gt; n. sp. (Polychaeta: Syllidae), with a discussion on the status of &lt;i&gt;S. armillaris&lt;/i&gt; (M&#252;ller, 1776)</Title><Series>Scientia Marina</Series><Volume>69</Volume><Issue>4</Issue><Pagination>467-474</Pagination></sequence><sequence><Authors>Musco, Luigi; Giangrande, Adriana</Authors><Year>2005</Year><Title>Mediterranean Syllidae (Annelida: Polychaeta) revisited: biogeography, diversity and species fidelity to environmental features</Title><Series>Marine Ecology Progress Series</Series><Volume>304</Volume><Pagination>143-153 + 4 pp. Supplementary appendix</Pagination></sequence><sequence><Authors>Muthumbi, A. W.; Soetaert, K.; Vincx, M.</Authors><Year>1997</Year><Title>Deep-sea nematodes from the Indian Ocean: new and known species of the family Comesomatidae</Title><Series>Hydrobiologia</Series><Volume>346</Volume><Pagination>25-57</Pagination></sequence><sequence><Authors>Muthumbi, A. W.; Vanreusel, A.; Duineveld, G.; Soetaert, K.; Vincx, M.</Authors><Year>2004</Year><Title>Nematode Community Structure along the Continental Slope off the Kenyan Coast, Western Indian Ocean</Title><Series>International Review of Hydrobiology</Series><Volume>89</Volume><Issue>2</Issue><Pagination>188-205</Pagination></sequence><sequence><Authors>Muthumbi, A. W.; Vincx, M.</Authors><Year>1997</Year><Title>Acantholaimus (Chromadoridae: Nematoda) from the Indian Ocean: description of seven species</Title><Series>Hydrobiologia</Series><Volume>346</Volume><Pagination>59-76</Pagination></sequence><sequence><Authors>Muthumbi, A. W.; Vincx, M.</Authors><Year>1998</Year><Title>Chromadoridae (Chromadorida: Nematoda) from the Indian Ocean: Description of new and known species</Title><Series>Hydrobiologia</Series><Volume>364</Volume><Pagination>119-153</Pagination></sequence><sequence><Authors>Muthumbi, A. W.; Vincx, M.</Authors><Year>1999</Year><Title>Microlaimidae (Microlaimoidea: Nematoda) from the Indian Ocean: description of nine new and known species</Title><Series>Hydrobiologia</Series><Volume>397</Volume><Pagination>39-58</Pagination></sequence><sequence><Authors>Muylaert, K.; Sabbe, K.</Authors><Year>1996</Year><Title>&lt;i&gt;Cyclotella scaldensis&lt;/i&gt; spec. nov. (Bacillariophyceae), a new estuarine diatom</Title><Series>Nova Hedwigia</Series><Volume>63</Volume><Issue>3-4</Issue><Pagination>335-345</Pagination></sequence><sequence><Authors>Muylaert, K.; Sabbe, K.</Authors><Year>1996</Year><Title>The diatom genus Thalassiosira (Bacillariophyta) in the estuaries of the Schelde (Belgium/The Netherlands) and the Elbe (Germany)</Title><Series>Botanica Marina</Series><Volume>39</Volume><Pagination>103-115</Pagination></sequence><sequence><Authors>N&#228;geli, C.; Cramer, C.</Authors><Year>1858</Year><Title>Die St&#228;rkek&#246;rner: Morphologische, physiologische, chemisch-physicalische und systematisch-botanische Monographie.</Title><Series>Pflanzenphysiologische</Series><Pagination>pls XI-XXVI.</Pagination></sequence><sequence><Authors>Nakamura, Y.; Imai, I.; Yamaguchi, A.; Tuji, A.; Not, F.; Suzuki, N.</Authors><Year>2015</Year><Title>Molecular Phylogeny of the Widely Distributed Marine Protists, Phaeodaria (Rhizaria, Cercozoa)</Title><Series>Protist</Series><Volume>166</Volume><Issue>3</Issue><Pagination>363-373</Pagination></sequence><sequence><Authors>Nakamura, Y.; Suzuki, N.</Authors><Year>2015</Year><Title>Phaeodaria: Diverse Marine Cercozoans of World-Wide Distribution, in: Ohtsuka, S. et al. (Ed.)</Title><Book>Marine Protists: Diversity and dynamics</Book><Pagination>223-249</Pagination></sequence><sequence><Title>Natural Language Semantics</Title><Publisher>Springer</Publisher><City>Dordrecht</City></sequence><sequence><Authors>Naylor, E.</Authors><Year>1972</Year><Title>British marine isopods: keys and notes for the identification of the species. 2nd ed.</Title><Series>Synopses of the British fauna (new series)</Series><Publisher>Academic Press</Publisher><City>London, UK</City><Volume>3</Volume><Pagination>89</Pagination></sequence><sequence><Authors>Neira, C.; Decraemer, W.; Backeljau, T.</Authors><Year>2005</Year><Title>A new species of Glochinema (Epsilonematidae: Nematoda) from the oxygen minimum zone of Baja California, NE pacific and phylogenetic relationships at species level within the family</Title><Series>Cah. Biol. Mar.</Series><Volume>46</Volume><Pagination>105-126</Pagination></sequence><sequence><Authors>Neira, C.; Gad, G.; Arroyo, N. L.; Decraemer, W.</Authors><Year>2001</Year><Title>Glochinema bathyperuvensis sp. n. (Nematoda, Epsilonematidae): A new species from Peruvian bathyal sediments, SE Pacific Ocean</Title><Series>Contributions to Zoology</Series><Volume>70</Volume><Issue>3</Issue><Pagination>147-159</Pagination></sequence><sequence><Authors>Neubert, E.; Amr, Z. S.; Waitzbauer, W.; Al Talafha, H.</Authors><Year>2015</Year><Title>Annotated checklist of the terrestrial gastropods of Jordan (Mollusca: Gastropoda)</Title><Series>Archiv f&#252;r Molluskenkunde</Series><Volume>144</Volume><Issue>2</Issue><Pagination>169-238</Pagination></sequence><sequence><Authors>Newman, L. J.; Cannon, L. R. G.</Authors><Year>2002</Year><Title>The genus Cycloporus (Platyhelminthes: Polycladida) from Australasian waters.</Title><Series>Raffles Bulletin of Zoology</Series><Volume>50</Volume><Issue>2</Issue><Pagination>287-299</Pagination></sequence><sequence><Authors>Nichols, J. A.</Authors><Year>1979</Year><Title>The occurence of the subfamily Xyalinae (Nematoda, Monhysteroidea) in the Georgia Bay with a description of two new species</Title><Series>Cah. Biol. Mar.</Series><Volume>20</Volume><Issue>2</Issue><Pagination>151-159</Pagination></sequence><sequence><Authors>Nielsen, C.</Authors><Year>1989</Year><Title>Entoprocts: keys and notes for the identification of the species</Title><Series>Synopses of the British fauna (New Series)</Series><Volume>41</Volume><Pagination>131</Pagination></sequence><sequence><Authors>Noldt, U.</Authors><Year>1989</Year><Title>Kalyptorhynchia (Plathelminthes) from sublittoral coastal areas near the island of Sylt (North Sea) II. Eukalyptorhynchia.</Title><Series>Microfauna Marina</Series><Volume>5</Volume><Pagination>295-329</Pagination></sequence><sequence><Authors>Noldt, U.</Authors><Year>1989</Year><Title>Kalyptorhynchia (Plathelminthes) from sublittoral coastal areas near the island of Sylt (North Sea). I. Schizorhynchia.</Title><Series>Microfauna Marina</Series><Volume>5</Volume><Pagination>7-85</Pagination></sequence><sequence><Authors>Noldt, U.; Jouk, P.</Authors><Year>1988</Year><Title>Cirrifera sopottehlersae, a new species of Coelogynoporidae (Plathelminthes, Proseriata) from marine sediments of the Belgian and German North Sea coast.</Title><Series>Stygologia</Series><Volume>4</Volume><Issue>3</Issue><Pagination>242-248</Pagination></sequence><sequence><Authors>Noodt, W.</Authors><Year>1964</Year><Title>Copepoda Harpacticoidea aus dem Litoral des Roten Meeres.</Title><Series>Kieler Meeresforschungen</Series><Volume>20</Volume><Pagination>128-154</Pagination></sequence><sequence><Authors>Nordmann, A. von</Authors><Year>1832</Year><Title>Mikrographische Beitr&#228;ge zur Naturgeschichte der wirbellosen Thiere.</Title><Series>Zweites Heft. Mit zehn Kupfertafeln, G. Reimer,  Berlin.</Series><Volume>XVIII</Volume><Pagination>150, plates I-X</Pagination></sequence><sequence><Authors>Nordsieck, F.</Authors><Year>1972</Year><Title>Marine Gastropoden aus der Shiqmona-Bucht in Isra&#235;l</Title><Series>Archiv f&#252;r Molluskenkunde</Series><Volume>102</Volume><Issue>4-6</Issue><Pagination>227-245</Pagination></sequence><sequence><Authors>Norman, A. M.</Authors><Year>1902-1905</Year><Title>Notes on the natural history of East Finmark</Title><Publisher>Taylor and Francis</Publisher><City>London</City><Pagination>341-361, 472-486, 1-32 (pl. I-IV), 166-173, 567-598 (pl. XIII), 87-128 (pl. VIII, IX), 280-286, 406-417 (pl. XXVII), 348-359 pp.</Pagination></sequence><sequence><Authors>Norman, M.; Hochberg, F.G.; Lu, C.C.</Authors><Year>1997</Year><Title>Mollusca Cephalopoda: Mid-depth octopuses (200-1000m) of the Banda and Arafura Seas (Octopodidae and Alloposidae)</Title><Book>R&#233;sultats des Campagnes MUSORSTOM 16. Campagne Franco-Indon&#233;sienne KARUBAR.</Book><Series>M&#233;moires du Mus&#233;um national d'Histoire naturelle. S&#233;rie A, Zoologie</Series><Volume>172</Volume><Pagination>357-384</Pagination></sequence><sequence><Year>1947</Year><Title>Notes et Rapports - Office Scientifique et Technique des P&#234;ches Maritimes (1947)</Title><Publisher>Office Scientifique et Technique des P&#234;ches Maritimes</Publisher><City>Paris</City></sequence><sequence><Authors>Nutting, C.C.</Authors><Year>1910</Year><Title>The Gorgonacea of the Siboga expedition. IV. The Plexauridae.</Title><Series>Siboga-Expeditie</Series><Volume>13b</Volume><Issue>1</Issue><Pagination>1-20, plates 1-4</Pagination></sequence><sequence><Title>OEPP Biodiversity Series</Title><Publisher>Office of Environmental Policy and Planning</Publisher><City>Bangkok</City></sequence><sequence><Authors>Orsi Relini, L.</Authors><Year>2002</Year><Title>Occurrence of the South American fish &lt;i&gt;Pinguipes brasilianus&lt;/i&gt; (Pinguipedidae) in the Mediterranean</Title><Series>Cybium</Series><Volume>26</Volume><Issue>2</Issue><Pagination>147-149</Pagination></sequence><sequence><Authors>Osborn, K.J.; Haddock, S.H.D.; Pleijel, F.; Madin, L.P.; Rouse, G.W.</Authors><Year>2009</Year><Title>Deep-sea, swimming worms with luminescent "bombs"</Title><Series>Science (Wash.)</Series><Volume>325</Volume><Issue>5943</Issue><Pagination>964 and online supplement.</Pagination></sequence><sequence><Authors>Ostmann, A.; Nordhaus, I.; S&#248;rensen, M. V.</Authors><Year>2012</Year><Title>First recording of kinorhynchs from Java, with the description of a new brackish water species from a mangrove-fringed lagoon</Title><Series>Marine Biodiversity</Series><Volume>42</Volume><Issue>2</Issue><Pagination>79-91</Pagination></sequence><sequence><Title>Oxford Journal of Archaeology</Title><Publisher>Wiley-Blackwell</Publisher><City>Hoboken</City></sequence><sequence><Authors>Ozcan, T.; Katagan, T.; Ng, P. K. L.</Authors><Year>2010</Year><Title>First Record of Eurycarcinus Integrifrons De Man, 1879 (Decapoda, Pilumnidae) from the Mediterranean Sea</Title><Series>Crustaceana</Series><Volume>83</Volume><Issue>4</Issue><Pagination>507-510</Pagination></sequence><sequence><Authors>Panagopoulos, D.; Nicolaidou, A.</Authors><Year>1990</Year><Title>A population of &lt;i&gt;Desdemona ornata&lt;/i&gt; Banse, (Polychaeta, Sabellidae) settled in a fully marine habitat of the Mediterannean</Title><Series>Oebalia</Series><Volume>16</Volume><Pagination>35-39</Pagination></sequence><sequence><Authors>Park, J.; Jeon, M.; Ahn, K.</Authors><Year>2008</Year><Title>Description of Heterota sunjaei sp. nov. from Korean seashores and an annotated catalog of the littoral genus Heterota (Coleoptera: Staphylinidae: Aleocharinae)</Title><Series>Can Entomol</Series><Volume>140</Volume><Issue>01</Issue><Pagination>111-118</Pagination></sequence><sequence><Authors>Pastor de Ward, C. T.</Authors><Year>1984</Year><Title>Tres especies nuevas de nematodes marinos de vida libre (Chromadoridae y Comesomatidae) para la Ria Deseado, Santa Cruz, Argentina [Three new species of free-living marine nematodes (Chromadoridae and Comesomatidae) from the Ria Deseado, Santa Cruz, Argentina]</Title><Series>Physis, Secc. A B C</Series><Volume>42</Volume><Issue>102</Issue><Pagination>39-48</Pagination></sequence><sequence><Authors>Pe&#241;as A.; Rol&#225;n E.</Authors><Year>2010</Year><Title>Deep water Pyramidelloidea of the tropical South Pacific: Turbonilla and related genera</Title><Series>In: Gofas S. (ed.) Tropical Deep Sea Benthos 26. M&#233;moires du Mus&#233;um National d'Histoire Naturelle</Series><Volume>200</Volume><Pagination>1-436</Pagination></sequence><sequence><Authors>P&#233;r&#232;s, J.-M.</Authors><Year>1958</Year><Title>Ascidies r&#233;colt&#233;es sur les c&#244;tes m&#233;diterran&#233;ennes d'Isra&#235;l</Title><Series>The Bulletin of the Research Council of Israel</Series><Volume>7</Volume><Pagination>143-150</Pagination></sequence><sequence><Authors>P&#233;r&#232;s, J.-M.; Picard, J.</Authors><Year>1949</Year><Title>Notes sommaires sur le peuplement des grottes sous-marines de la r&#233;gion de Marseille</Title><Series>C. R. Som. S&#233;ances Soc. Biog&#233;og.</Series><Volume>26</Volume><Issue>227</Issue><Pagination>42-45</Pagination></sequence><sequence><Authors>P&#233;rez, T.; Vacelet, J.; Bitar, G.; Zibrowius, H.</Authors><Year>2004</Year><Title>Two new lithistids (Porifera: Demospongiae) from a shallow eastern Mediterranean cave (Lebanon)</Title><Series>Journal of the Marine Biological Association of the United Kingdom</Series><Volume>84</Volume><Issue>1</Issue><Pagination>15-24</Pagination></sequence><sequence><Authors>Perrone, A. S.</Authors><Year>1995</Year><Title>Una specie di Nudibranchi del genere &lt;i&gt;Cuthona&lt;/i&gt; Alder &amp; Hancock, 1855, nuova per il Mediterraneo: &lt;i&gt;Cuthona perca&lt;/i&gt; Marcus, 1958 (Opisthobranchia: Nudibranchia)</Title><Series>Bolletino Malacologico</Series><Volume>31</Volume><Issue>1-4</Issue><Pagination>28-36</Pagination></sequence><sequence><Authors>Petkovski, T.K.</Authors><Year>1959</Year><Title>Fauna Copepoda Pecine 'Dona Duka' kod Rasca-Skopje. Die Copepoden-Fauna der 'Dona Duka'-H&#246;hle bei Rasce-Skopje.</Title><Series>Fragmenta Balcanica</Series><Volume>2</Volume><Issue>14</Issue><Pagination>107-123, figs. 1-37. (9-iii-1959)</Pagination></sequence><sequence><Authors>Petkovski, T.K.</Authors><Year>1959</Year><Title>O rasproskajenju vrste Heterocope u Jugoslaviji (Crustacea Copepoda)</Title><Series>Croatian Journal of Fisheries : Ribarstvo, (also Hydrobiologia Montenegrina vol. 1 no. 8, 4pp.)</Series><Volume>14</Volume><Issue>4</Issue><Pagination>91-92, 93-94</Pagination></sequence><sequence><Title>Philosophy of Photography</Title><City>Bristol</City></sequence><sequence><Authors>Piani, P.; Brini, E.</Authors><Year>1984</Year><Title>Prima segnalazione Mediterranea di &lt;i&gt;Tornus jullieni&lt;/i&gt; Adam Knudsen, 1969</Title><Series>Bollettino Malacologico</Series><Volume>20</Volume><Issue>1-4</Issue><Pagination>89-90</Pagination></sequence><sequence><Authors>Picard, J.</Authors><Year>1958</Year><Title>Notes sur une collection d'hydro&#239;des provenant des c&#244;tes m&#233;diterran&#233;ennes d'Isra&#235;l</Title><Series>Bulletin of the sea Fisheries research Station, Israel</Series><Volume>15</Volume><Pagination>1-3</Pagination></sequence><sequence><Authors>Pichot, Y.; Comps, M.; Tige, G.; Grizel, H.; Rabouin, M.-A</Authors><Year>1980</Year><Title>Recherches sur Bonamia ostreae gen. n., sp. n., parasite nouveau de l'hu&#238;tre plate Ostrea edulis L.</Title><Series>Rev. Trav. Inst. Pech. Marit.</Series><Volume>43</Volume><Issue>1</Issue><Pagination>131-140</Pagination></sequence><sequence><Authors>Pirlot, J. M.</Authors><Year>1935</Year><Title>Un grand Amphipode Hyp&#233;ride, nouveau comme genre et comme esp&#232;ce</Title><Series>Bulletin de l'Institut Oc&#233;anographique, Monaco</Series><Volume>681</Volume><Pagination>1-8</Pagination></sequence><sequence><Authors>Pirlot, Jean M.</Authors><Year>1933</Year><Title>La ponte de l'&lt;i&gt;Arenicola marina&lt;/i&gt; Linn&#233; &#224; la c&#244;te Belge [The reproduction of &lt;i&gt;Arenicola marina&lt;/i&gt; Linnaeus along the Belgian coast].</Title><Series>Bulletin du Mus&#233;e Royal d'Histoire Naturelle de Belgique / Mededeelingen van het Koninklijk Natuurhistorisch Museum van Belgi&#235;</Series><Volume>9</Volume><Issue>49</Issue><Pagination>1-7</Pagination></sequence><sequence><Authors>Platonova, T. A.</Authors><Year>1970</Year><Title>On the Taxonomy of the Leptosomatidae (Nematoda) of the Mediterranean Sea and of the Adjacent Waters of the Atlantic [O sistematike Leptosomatidae (Nematoda) Sredizemnogo Morya i prilezhashchikh vod Atlantiki]</Title><Series>Zoologicheskii Zhurnal</Series><Volume>49</Volume><Issue>9</Issue><Pagination>1298-1305</Pagination></sequence><sequence><Authors>Polk, P.</Authors><Year>1962</Year><Title>Contribution to the knowledge on the marine fauna of the Belgian coast: 4. Control of the oyster pest Crepidula fornicata L. in the Sluice Dock at Ostend [Bijdrage tot de kennis der mariene fauna van de Belgische kust: 4. De bestrijding van de oesterplaag Crepidula fornicata L. in de Spuikom te Oostende]</Title><Series>Biol. Jb. Dodonaea</Series><Volume>30</Volume><Pagination>37-46</Pagination></sequence><sequence><Authors>Por, F.D.</Authors><Year>1964</Year><Title>Les Harpactico&#239;des (Crustacea, Copepoda) des fonds meubles du Skagerak.</Title><Series>Cahiers de Biologie Marine</Series><Volume>5</Volume><Issue>3</Issue><Pagination>233-270, figs. 1-139 on pls. 1-13. (15-ix-1964).</Pagination></sequence><sequence><Authors>Porter, J.</Authors><Year>2004</Year><Title>Morphological and genetic characteristics of erect subtidal species of Alcyonidium (Ctenostomata: Bryozoa)</Title><Series>Journal of the Marine Biological Association of the UK</Series><Volume>84</Volume><Issue>1</Issue><Pagination>243-252</Pagination></sequence><sequence><Authors>Poutiers, J. M.; Bernard, F. R.</Authors><Year>1995</Year><Title>Carnivorous bivalve molluscs (Anomalodesmata) from the tropical western Pacific Ocean, with a proposed classification and a catalogue of Recent species</Title><Book>R&#233;sultats des Campagnes MUSORSTOM 14</Book><Series>M&#233;moires du Mus&#233;um national d'Histoire naturelle. S&#233;rie A, Zoologie</Series><Volume>167</Volume><Pagination>107-187</Pagination></sequence><sequence><Authors>Powell, N. A.</Authors><Year>1969</Year><Title>Indo-Pacific Bryozoa new to the Mediterranean coast of Israel</Title><Series>Israel Journal of Zoology</Series><Volume>18</Volume><Pagination>157-168</Pagination></sequence><sequence><Title>Proceedings of the Society for Water Treatment and Examination</Title></sequence><sequence><Title>Psychiatria Polska</Title><City>Cracow</City></sequence><sequence><Title>Publikaties Werkgroep Aardrijkskunde Leuven</Title><Publisher>Werkgroep Aardrijkskunde Leuven</Publisher><City>Leuven</City></sequence><sequence><Authors>Punt, A.</Authors><Year>1947</Year><Title>Quelques n&#233;matodes parasites de poissons de la Mer du Nord. II.</Title><Series>Bull. Mus. royal d'Hist. Nat. Belg./Med. Kon. Natuurhist. Mus. Belg.</Series><Volume>23</Volume><Issue>8</Issue><Pagination>1-13</Pagination></sequence><sequence><Title>Punto Genero</Title><City>Santiago</City></sequence><sequence><Authors>Qu&#233;ro, J.C.; Hureau, J.-C.; Karrer, C.; Post, A.; Saldanha, L. (Ed.)</Authors><Year>1991</Year><Title>Check-list of the fishes of the Eastern Tropical Atlantic CLOFETA [Catalogue des poissons de l'Atlantique oriental tropical CLOFETA]</Title><Series>UNESCO Publishing: Paris, France. ISBN 92-3-002620-4</Series><Pagination>1492 (3 vol.)</Pagination></sequence><sequence><Authors>Rabaut, M.; Braeckman, U.; Hendrickx, F.; Vincx, M.; Degraer, S.</Authors><Year>2008</Year><Title>Experimental beam-trawling in Lanice conchilega reefs: Impact on the associated fauna</Title><Series>Fisheries Research</Series><Volume>90</Volume><Issue>1-3</Issue><Pagination>209-216</Pagination></sequence><sequence><Authors>Rabaut, M.; Degraer, S.; Schrijvers, J.; Derous, S.; Bogaert, D.; Maes, F.; Vincx, M.; Cliquet, A.</Authors><Year>2009</Year><Title>Policy analysis of the &#8216;MPA-process' in temperate continental shelf areas</Title><Series>Aquatic Conservation: Marine and Freshwater Ecosystems</Series><Volume>19</Volume><Issue>5</Issue><Pagination>596-608</Pagination></sequence><sequence><Authors>Rabaut, Marijn; Vincx, Magda; Degraer, Steven</Authors><Year>2008</Year><Title>Do &lt;i&gt;Lanice conchilega&lt;/i&gt; (sandmason) aggregations classify as reefs? Quantifying habitat modifying effects</Title><Series>Helgoland Marine Research</Series><Volume>63</Volume><Issue>1</Issue><Pagination>37-46</Pagination></sequence><sequence><Authors>Rachor, E.</Authors><Year>1971</Year><Title>Theristus (Penzancia) blandicor (Monhysterida), eine neue Nematodenart aus dem Eulitoral der Weserm&#252;ndung.</Title><Series>Ver&#246;ff. Inst. Meeresforsch. Bremerh.</Series><Volume>13</Volume><Pagination>139-146</Pagination></sequence><sequence><Authors>Rapp&#233;, G.</Authors><Year>1989</Year><Title>&lt;i&gt;Haliclona xena&lt;/i&gt; de Weerdt, 1986 (Porifera, Desmospongiae), &lt;i&gt;Petrobius maritimus&lt;/i&gt; (Leach) (Insecta, Thysanura) and some other exceptional observations on the eastern harbour jetty of Zeebrugge [&lt;i&gt;Haliclona xena&lt;/i&gt; de Weerdt, 1986 (Porifera, Desmospongiae), &lt;i&gt;Petrobius maritimus&lt;/i&gt; (Leach) (Insecta, Thysanura) en enkele andere bijzondere waarnemingen van de oostelijke strekdam van Zeebrugge].</Title><Series>De Strandvlo</Series><Volume>9</Volume><Issue>4</Issue><Pagination>113-116</Pagination></sequence><sequence><Authors>Rapp&#233;, G.</Authors><Year>1989</Year><Title>Preliminary report on the jellyfish season 1988 [Voorlopig verslag van het kwallenseizoen 1988]</Title><Series>De Strandvlo</Series><Volume>9</Volume><Issue>1</Issue><Pagination>5-12</Pagination></sequence><sequence><Authors>Rayss, T.</Authors><Year>1955</Year><Title>Les algues marines des cotes Palestiniennes.I. Chlorophyceae.</Title><Series>Bulletin of the Sea Fisheries Research Station of Israel</Series><Volume>9</Volume><Pagination>1-36</Pagination></sequence><sequence><Authors>Rayss, T.</Authors><Year>1963</Year><Title>Sur la pr&#233;sence dans la M&#233;diterran&#233;e orientale des algues tropicales de la famille des Solieriac&#233;es</Title><Series>Acta Botanica Horti Bucurestiensis</Series><Volume>1</Volume><Pagination>91-106</Pagination></sequence><sequence><Authors>Reina-Herv&#225;s, J.A.</Authors><Year>1987</Year><Title>An&#225;lisis de la ictiofauna infralitoral en el sureste espa&#241;ol (Mediterr&#225;neo Occidental)</Title><Series>Cahiers de Biologie Marine</Series><Volume>28</Volume><Pagination>73-89</Pagination></sequence><sequence><Authors>Relini Orsi, L.; Mori, M.</Authors><Year>1979</Year><Title>Due reperti mediterranei di &lt;i&gt;Thalamita gloriensis&lt;/i&gt; Crosnier, 1962 (Crustacea: Decapoda: Portunidae)</Title><Series>Oebalia</Series><Volume>5</Volume><Pagination>7-13</Pagination></sequence><sequence><Authors>Remane, A.</Authors><Year>1925</Year><Title>Neue aberrante Gastrotrichen II: Turbanella cornuta nov. spec. und T. hyalina M. Schultze 1853</Title><Series>Zoologischer Anzeiger</Series><Volume>64</Volume><Issue>11-12</Issue><Pagination>309-314</Pagination></sequence><sequence><Authors>Remane, A.</Authors><Year>1926</Year><Title>Protodrilidae aus Ost- und Nordsee</Title><Series>Zoologischer Anzeiger</Series><Volume>67</Volume><Issue>3</Issue><Pagination>119-125</Pagination></sequence><sequence><Authors>Remane, A.</Authors><Year>1929</Year><Title>Rotatoria</Title><Series>Die Tierwelt der Nord- und Ostsee</Series><Volume>16</Volume><Issue>7e</Issue><Pagination>1-156</Pagination></sequence><sequence><Authors>Remane, A.</Authors><Year>1943</Year><Title>Turbanella ambronensis nov. spec., ein neues Gastrotrich aus der Otoplanenzone der Nordsee</Title><Series>Zoologischer Anzeiger</Series><Volume>141</Volume><Pagination>237-240</Pagination></sequence><sequence><Authors>Remerie, T.; Calderon, J.; Deprez, T.; Mees, J.; Vanfleteren, J.; Vanreusel, A.; Vierstraete, A.; Vincx, M.; Wittmann, K.; Wooldridge, T.; Bulckaen, B.</Authors><Year>2004</Year><Title>Phylogenetic relationships within the Mysidae (Crustacea, Peracarida, Mysida) based on nuclear 18S ribosomal RNA sequences</Title><Series>Molecular Phylogenetics and Evolution</Series><Volume>32</Volume><Issue>3</Issue><Pagination>770-777</Pagination></sequence><sequence><Authors>Renault, T.; Stokes, N. A.; Chollet, B.; Cochennec, N.; Berthe, F.; G&#233;rard, A.; Burreson, E. M.</Authors><Year>2000</Year><Title>Haplosporidiosis in the Pacific oyster &lt;i&gt;Crassostrea gigas&lt;/i&gt; from the French Atlantic coast</Title><Series>Diseases of Aquatic Organisms</Series><Volume>42</Volume><Pagination>207-214</Pagination></sequence><sequence><Title>Report to Florida Board of Conservation</Title><Publisher>University of Miami. Institute of Marine Science. The Marine Laboratory</Publisher><City>Miami</City></sequence><sequence><Title>Research in Pharmaceutical Sciences</Title><City>Mumbai</City></sequence><sequence><Title>Revista Brasileira de Zoociencias</Title><City>Juiz Do Fora</City></sequence><sequence><Title>Revista Eletronica Em Gestao Educacao e Tecnologia Ambiental</Title><City>Santa Maria</City></sequence><sequence><Title>Revista Evaluar</Title><City>Cordoba</City></sequence><sequence><Title>Revista Peruana de Investigacion Educativa</Title><City>Lima</City></sequence><sequence><Title>Revista Pos Ciencias Sociais</Title><City>San Luis</City></sequence><sequence><Authors>Richer de Forges, B.</Authors><Year>1993</Year><Title>Campagnes d'exploration de la faune bathyale faites depuis mai 1989 dans la zone &#233;conomique de la Nouvelle-Cal&#233;donie. Liste des stations</Title><Book>R&#233;sultats des Campagnes MUSORSTOM 10</Book><Series>M&#233;moires du Mus&#233;um national d'Histoire naturelle. S&#233;rie A, Zoologie</Series><Volume>156</Volume><Pagination>27-32</Pagination></sequence><sequence><Authors>Richer de Forges, B.; Bouchet, P.; Dayrat, B.; War&#233;n, A.; Philippe, J.-S.</Authors><Year>2000</Year><Title>La campagne BORDAU 1 sur la ride de Lau (&#238;les Fidji). Compte rendu et liste des stations</Title><Book>R&#233;sultats des Campagnes MUSORSTOM 21</Book><Series>M&#233;moires du Mus&#233;um national d'Histoire naturelle. S&#233;rie A, Zoologie</Series><Volume>184</Volume><Pagination>25-38</Pagination></sequence><sequence><Authors>Richer de Forges, B.; Chevillon, C.</Authors><Year>1996</Year><Title>Les campagnes d'&#233;chantillonnage du benthos bathyal en Nouvelle-Cal&#233;donie, en 1993 et 1994 (BATHUS 1 &#224; 4, SMIB 8 et HALIPRO 1)</Title><Book>R&#233;sultats des Campagnes MUSORSTOM 15</Book><Series>M&#233;moires du Mus&#233;um national d'Histoire naturelle. S&#233;rie A, Zoologie</Series><Volume>168</Volume><Pagination>33-53</Pagination></sequence><sequence><Authors>Richer de Forges, B.; Menou, J.-L.</Authors><Year>1993</Year><Title>La campagne MUSORSTOM 7 dans la zone &#233;conomique des &#238;les Wallis et Futuna. Compte rendu et liste des stations</Title><Book>R&#233;sultats des Campagnes MUSORSTOM 10</Book><Series>M&#233;moires du Mus&#233;um national d'Histoire naturelle. S&#233;rie A, Zoologie</Series><Volume>156</Volume><Pagination>9-25</Pagination></sequence><sequence><Authors>Riemann, F.</Authors><Year>1976</Year><Title>Meeresnematoden (Chromadorida) mit lateralen Flossens&#228;umen (Alae) und dorsoventraler Abplattung</Title><Series>Zool. Jb. Syst. Bd.</Series><Volume>103</Volume><Pagination>290-308</Pagination></sequence><sequence><Authors>Rigby, J.K.</Authors><Year>1967</Year><Title>Two new early Paleozoic sponges and the sponge-like organism, &lt;i&gt;Gaspespongia basalis&lt;/i&gt; Parks, from the Gaspe Peninsula, Quebec.</Title><Series>Journal of Paleontology</Series><Volume>41</Volume><Issue>3</Issue><Pagination>766-775, pls 101-102</Pagination></sequence><sequence><Authors>Rigby, J.K.; Gutschick, R.C.</Authors><Year>1976</Year><Title>Two new Lower Paleozoic hexactinellid sponges from Utah and Oklahoma.</Title><Series>Journal of Paleontology</Series><Volume>50</Volume><Issue>1</Issue><Pagination>79-85</Pagination></sequence><sequence><Authors>Rigby, J.K.; Horrocks, R.D.; Cys, J.M.</Authors><Year>1982</Year><Title>A new Hexactinellid Brachiosponge from the Upper Permian of West Texas.</Title><Series>Journal of Paleontology</Series><Volume>56</Volume><Issue>2</Issue><Pagination>315-323</Pagination></sequence><sequence><Authors>Rigby, J.K.; Keyes, R.Jr.; Horowitz, A.</Authors><Year>1979</Year><Title>Two new Mississippian sponges from northeastern Alabama.</Title><Series>Journal of Paleontology</Series><Volume>53</Volume><Issue>3</Issue><Pagination>709-719</Pagination></sequence><sequence><Authors>Ristau, D.A.</Authors><Year>1978</Year><Title>Six new species of shallow-water marine demosponges from California</Title><Series>Proceedings Biological Society Washington</Series><Volume>91</Volume><Issue>3</Issue><Pagination>569-589</Pagination></sequence><sequence><Title>Rmno-nummer</Title></sequence><sequence><Authors>Rol&#225;n E. &amp; Rubio F.</Authors><Year>2017</Year><Title>A new &lt;i&gt;Ammonicera&lt;/i&gt; (Heterobranchia, Omalogyridae) from the Red Sea</Title><Series>Gloria Maris</Series><Volume>55</Volume><Issue>3</Issue><Pagination>88-90</Pagination></sequence><sequence><Authors>Rol&#225;n, E.; Gori, S.</Authors><Year>2013</Year><Title>Two new Cerithiopsis species from S&#227;o Tom&#233; island (Prosobranchia, Cerithiopsidae)</Title><Series>Gloria Maris</Series><Volume>52</Volume><Issue>5</Issue><Pagination>133-138</Pagination></sequence><sequence><Authors>Rose, M. D.; Onorato, R.</Authors><Year>1999</Year><Title>La grotte marine del Salento: classificazione, localizzazione e descrizione</Title><Series>Thalassia Salent</Series><Volume>23</Volume><Pagination>67-116</Pagination></sequence><sequence><Authors>Rosso, A.</Authors><Year>2009</Year><Title>The first catenicellid (Bryozoa, Ascophora) from Mediterranean shallow waters: a hidden resident or a new immigrant</Title><Series>Journal of Natural History</Series><Volume>43</Volume><Issue>35</Issue><Pagination>2209-2226</Pagination></sequence><sequence><Authors>Roth, A.W.</Authors><Year>1797</Year><Title>Catalecta Botanica (Quibus plantae novae et minus cognitae describuntur atque illustrantur). Fasc. 1</Title><Series>Lipseae.</Series><Pagination>244 pp., 8 pls.</Pagination></sequence><sequence><Authors>Rothman, S.; Mienis, H.</Authors><Year>2011</Year><Title>&lt;i&gt;Smaragdia souverbiana&lt;/i&gt;: not only the first record from Israel, but also the oldest record from the Mediterranean Sea (Gastropoda, Neritidae).</Title><Series>Triton</Series><Volume>24</Volume><Pagination>9-10</Pagination></sequence><sequence><Authors>Roux, M.</Authors><Year>1994</Year><Title>The CALSUB cruise on the bathyal slopes off New Caledonia</Title><Book>R&#233;sultats des Campagnes MUSORSTOM 12.</Book><Series>M&#233;moires du Mus&#233;um national d'Histoire naturelle. S&#233;rie A, Zoologie</Series><Volume>161</Volume><Pagination>9-47</Pagination></sequence><sequence><Authors>Rowe, F. W. E.</Authors><Year>1969</Year><Title>A review of the family Holothuriidae (Holothurioidea: Aspidochirotida)</Title><Series>Bull. Br. Mus. (Nat. Hist.) (Zool.)</Series><Volume>18</Volume><Issue>4</Issue><Pagination>119-170</Pagination></sequence><sequence><Authors>Rowe, F.W.E.</Authors><Year>1977</Year><Title>A new family of Asteroidea (Echinodermata) with the description of five new species and one new species of &lt;i&gt;Asterodiscides&lt;/i&gt;.</Title><Series>Records of the Australian Museum</Series><Volume>31</Volume><Issue>5</Issue><Pagination>187-233</Pagination></sequence><sequence><Authors>Rudolphi, C. A.</Authors><Year>1802</Year><Title>Fortsetzung der beobachtungen ber die Eingerweidewurmer</Title><Series>Archiv fuer Zoologie und Zootomie</Series><Volume>3</Volume><Pagination>61-125</Pagination></sequence><sequence><Authors>Rudolphi, K. A.</Authors><Year>1803</Year><Title>Neue Beobachtungen &#252;ber die Eingeweidew&#252;rmer.</Title><Series>Archiv f&#252;r Zoologie und Zootomie</Series><Volume>3</Volume><Issue>1</Issue><Pagination>1-32</Pagination></sequence><sequence><Authors>Rueness, J.</Authors><Year>2005</Year><Title>Life history and molecular sequences of &lt;i&gt;Gracilaria vermiculophylla&lt;/i&gt; (Gracilariales, Rhodophyta), a new introduction to European waters</Title><Series>Phycologia</Series><Volume>44</Volume><Issue>1</Issue><Pagination>120-128</Pagination></sequence><sequence><Authors>Ruffo, S.</Authors><Year>1959</Year><Title>Contributions to the knowledge of the Red Sea no. 13. Contributo alla conoscenza degli Anfipodi del Mar Rosso (1) (materiali raccolti a Ghardaqa e nel Golfo di Aqaba)</Title><Series>Bulletin of the Sea Fisheries Research Station of Israel (Haifa)</Series><Volume>20</Volume><Pagination>11-36</Pagination></sequence><sequence><Authors>Ruggiero, M. A.; Gordon, D. P.; Orrell, T. M.; Bailly, N.; Bourgoin, T.; Brusca, R. C.; Cavalier-Smith, T.; Guiry, M. D.; Kirk, P. M.</Authors><Year>2015</Year><Title>A Higher Level Classification of All Living Organisms</Title><Series>PLOS ONE</Series><Volume>10</Volume><Issue>4</Issue></sequence><sequence><Authors>R&#252;tzler, K.; Smith, P.</Authors><Year>1992</Year><Title>Guide to western Atlantic species of Cinachyrella (Poriferea: Tetillidae)</Title><Series>Proceedings of the Biological Society of Washington</Series><Volume>105</Volume><Issue>1</Issue><Pagination>148-164</Pagination></sequence><sequence><Authors>Rye, E.C.</Authors><Year>1864</Year><Title>Coleoptera. New British species, corrections, &amp;c., noticed since the publication of the Entomologist's Annual, 1863.</Title><Series>The Entomologist's Annual for... MDCCCLXIV</Series><Pagination>30-86</Pagination></sequence><sequence><Authors>Saiz-Salinas, J.I.; Amouroux, J.M.</Authors><Year>2010</Year><Title>First record of the genus Arhynchite (Echiura) in the Mediterranean Sea</Title><Series>Vie et Milieu</Series><Volume>60</Volume><Issue>1</Issue><Pagination>47-51</Pagination></sequence><sequence><Authors>Sak, S., S. Karaytug &amp; R. Huys</Authors><Year>2008</Year><Title>A review of Pseudoleptomesochrella Lang, 1965 (Copepoda, Harpacticoida, Ameiridae), including a redescription of P. halophila (Noodt, 1952) from the Black Sea and a key to species.</Title><Series>Zootaxa</Series><Volume>1758</Volume><Pagination>45-60</Pagination></sequence><sequence><Authors>Sak, S., S. Karaytug &amp; R. Huys</Authors><Year>2008</Year><Title>Ciplakastacus gen. nov., a primitive genus of Leptastacidae (Copepoda, Harpacticoida) from the Mediterranean coast of Turkey</Title><Series>Journal of Natural History</Series><Volume>42</Volume><Issue>37-38</Issue><Pagination>2443-2459</Pagination></sequence><sequence><Authors>Salman, A.; Katagan, T.; Boletzky, S.</Authors><Year>1999</Year><Title>New Cephalopod molluscs in the eastern Mediterranean: previously unnoted species or recent migrants?</Title><Series>Vie et Milieu</Series><Volume>49</Volume><Pagination>11-17</Pagination></sequence><sequence><Authors>Salvi, D.; Mariottini, P.</Authors><Year>2020</Year><Title>Revision shock in Pacific oysters taxonomy: the genus Magallana (formerly Crassostrea in part) is well-founded and necessary</Title><Series>Zoological Journal of the Linnean Society</Series></sequence><sequence><Authors>Samaai, T.; Gibbons, M.J.; Kelly, M.</Authors><Year>1999</Year><Title>Morphological phylogenetic considerations on the relationships of &lt;i&gt;Isodictya&lt;/i&gt; Bowerbank, 1864. &lt;i&gt;In&lt;/i&gt;: Hooper JNA (ed.) Origin and Outlook.</Title><Series>Memoirs of the Queensland Museum</Series><Volume>44</Volume><Pagination>517-523</Pagination></sequence><sequence><Authors>Samyn, Y.; Vandenspiegel, D.; Massin, C.</Authors><Year>2006</Year><Title>A new Indo-West Pacific species of Actinopyga (Holothuroidea: Aspidochirotida: Holothuriidae)</Title><Series>Zootaxa</Series><Volume>1138</Volume><Pagination>53-68</Pagination></sequence><sequence><Authors>Sancholle, M.</Authors><Year>1988</Year><Title>Presence de &lt;i&gt;Fucus spiralis&lt;/i&gt; (Phaeophyceae) en Mediterranee occidentale</Title><Series>Cryptogamie, Algologie</Series><Volume>9</Volume><Pagination>157-161</Pagination></sequence><sequence><Title>SAPEA Evidence Review Report</Title><Publisher>Science Advice for Policy by European Academies (SAPEA)</Publisher><City>Berlin, Brussl</City></sequence><sequence><Authors>Sars, G. O.</Authors><Year>1872</Year><Title>Carcinologiske Bidrag til Norges fauna. I.</Title><Series>Monographi over de ved Norges Kyster forekommende Mysider. Pt. 2 Christiania, K. Norske, Videnskab. Trondhjem</Series><Pagination>34, plates VI-VIII</Pagination></sequence><sequence><Authors>Sars, G. O.</Authors><Year>1872</Year><Title>Unders&#248;gelser over Hardangerfjordens fauna I</Title><Series>F&#246;rhadlingar i Videnskabsselskabet i Christiania</Series><Volume>1871</Volume><Pagination>246-286</Pagination></sequence><sequence><Authors>Sars, G. O.</Authors><Year>1883</Year><Title>Preliminary notices on the Schizopoda of H.M.S. Challenger Expedition</Title><Series>Forhandl. Vidensk. Selsk. Christiania</Series><Volume>7</Volume><Pagination>1-43</Pagination></sequence><sequence><Authors>Sars, G. O.</Authors><Year>1885</Year><Title>Report on the Schizopoda collected by H.M.S. Challenger during the years 1873-1876.</Title><Series>Report on the Scientific Results of the Voyage of H.M.S. Challenger during the years 1873&#8211;76. Zoology</Series><Volume>13</Volume><Issue>part 37</Issue><Pagination>1-228, pl. 1-38</Pagination></sequence><sequence><Authors>Sars, G.O</Authors><Year>1866</Year><Title>II. Beretning om en i Sommeren 1865 foretagen zoologisk Reise ved Kysterne af Christianias og Christiansands Stifter</Title><Series>Nyt Magazin for Naturvidenskaberne</Series><Volume>15</Volume><Pagination>84-128</Pagination></sequence><sequence><Authors>Sars, G.O.</Authors><Year>1873</Year><Title>Bidrag til Kundskaben om Dyrelivet paa vore Havbanker</Title><Series>Forhandlinger i Videnskaps-Selskapet i Christiania</Series><Volume>1872</Volume><Pagination>73-119</Pagination></sequence><sequence><Authors>Sars, G.O.</Authors><Year>1877</Year><Title>Nye Bidrag til Kundskaben om Middelhavets Invertebratfauna I. Middelhavets Mysider</Title><Series>Arch. Math. Naturvidenskaberne</Series><Volume>2</Volume><Pagination>10-119, 36pls</Pagination></sequence><sequence><Authors>Sars, G.O.</Authors><Year>1879</Year><Title>Extracts from Prof. G.O. Sars's report on the Norwegian Atlantic Expedition of 1876</Title><Series>Report of the Commissioner 1877</Series><Pagination>681-692</Pagination></sequence><sequence><Authors>Sars, G.O.</Authors><Year>1885</Year><Title>Crustacea. I.</Title><Series>Den Norske Nordhavs-Expedition, 1876-1878 (Norwegian North Atlantic Expedition 1876-1878), Zoology 6</Series><Volume>14</Volume><Pagination>1-280, pls. 1-21, map 1. [Copepods 234-240]</Pagination></sequence><sequence><Authors>Sars, G.O.</Authors><Year>1906</Year><Title>Copepoda Harpacticoida. Parts XIII &amp; XIV. Diosaccidae (continued).</Title><Book>An Account of the Crustacea of Norway, with short descriptions and figures of all the species</Book><Publisher>Bergen Museum</Publisher><City>Bergen</City><Pagination>157-172, pls. 97-112.</Pagination></sequence><sequence><Authors>Sars, G.O.</Authors><Year>1907</Year><Title>Mysidae</Title><Series>Trudy Kaspiiskoi Ekspeditsii</Series><Pagination>243-313</Pagination></sequence><sequence><Authors>Sars, G.O.</Authors><Year>1909</Year><Title>Copepoda Harpacticoida. Parts XXVII &amp; XXVIII. Cletodidae (concluded), Anchorabolidae, Cylindropsyllidae, Tachidiidae (part).</Title><Book>An Account of the Crustacea of Norway, with short descriptions and figures of all the species</Book><Publisher>Bergen Museum</Publisher><City>Bergen</City><Volume>5</Volume><Pagination>305-336, pls. 209-224.</Pagination></sequence><sequence><Authors>Sars, G.O.</Authors><Year>1911</Year><Title>An account of the Crustacea of Norway, with short descriptions and figures of all the species: V. Copepoda Harpacticoida</Title><Publisher>Bergens Museum</Publisher><City>Bergen</City><Pagination>449, Plates I-CCXXX &amp; suppl. 1-54 pp.</Pagination></sequence><sequence><Authors>Sartoni, G.; Boddi, S.</Authors><Year>1993</Year><Title>Apoglossum gregarium (Delesseriaceae, Rhodophyta), a New Record for Mediterranean Algal Flora</Title><Series>Botanica Marina</Series><Volume>36</Volume><Pagination>297-302</Pagination></sequence><sequence><Authors>Sartoni, G.; Boddi, S.</Authors><Year>2002</Year><Title>&lt;i&gt;Ceramium bisporum&lt;/i&gt; (Ceramiaceae, Rhodophyta), a new record for the Mediterranean algal flora</Title><Series>Botanica marina</Series><Volume>45</Volume><Pagination>566-570</Pagination></sequence><sequence><Authors>Sartoni, G.; Boddi, S.; Hass, J.</Authors><Year>1995</Year><Title>&lt;i&gt;Chrysonephos lewisii&lt;/i&gt; (Sarcinochrysidales, Chrysophyceae), a New Record for the Mediterranean Algal Flora</Title><Series>Botanica Marina</Series><Volume>38</Volume><Issue>1-6</Issue><Pagination>121-126</Pagination></sequence><sequence><Authors>Sato, C.</Authors><Year>1913</Year><Title>Free-swimming Copepoda.(1). Fuyusei-Tokyakurui.(1)</Title><Series>Hokkaido Fisheries Research Laboratory, Investigation Reports</Series><Volume>1</Volume><Pagination>1-82, pls. 8.</Pagination></sequence><sequence><Authors>Sauriau, P.-G.</Authors><Year>1991</Year><Title>Spread of &lt;i&gt;Cyclope neritea&lt;/i&gt; (Mollusca: Gastropoda) along the north-eastern Atlantic coasts in relation to oyster culture and to climatic fluctuations</Title><Series>Marine Biology</Series><Volume>109</Volume><Pagination>299-309</Pagination></sequence><sequence><Authors>Scapolatempo, M.; Solustri, C.; Sabelli, B.</Authors><Year>2003</Year><Title>&lt;i&gt;Amathina tricarinata&lt;/i&gt; (Linnaeus, 1767) (Orthogastropoda, Heterobranchia, Amathinidae): una nuova specie esotica in Mediterraneo</Title><Series>Biologia Marina Mediterranea</Series><Volume>10</Volume><Issue>2</Issue><Pagination>614-617</Pagination></sequence><sequence><Authors>Schiller, J.</Authors><Year>1928</Year><Title>Die planktischen Vegetationen des adriatischen Meeres. C. Dinoflagellata. II Teil. Gymnodiniales</Title><Series>Archiv f&#252;r Protistenkunde</Series><Volume>62</Volume><Issue>1</Issue><Pagination>119-166, pl. 6</Pagination></sequence><sequence><Authors>Schmidt, D.N.; Thierstein, H.R.; Bollmann, J.; Schiebel, R.</Authors><Year>2004</Year><Title>Abiotic Forcing of Plankton Evolution in the Cenozoic</Title><Series>Science</Series><Volume>303</Volume><Pagination>207-210</Pagination></sequence><sequence><Authors>Schockaert, E. R.; Curini-Galletti, M.; De Ridder, W.; Volonterio, O.; Artois, T.</Authors><Year>2009</Year><Title>A new family of lithophoran Proseriata (Platyhelminthes), with the description of seven new species from the Indo-Pacific and South America, and the proposal of three new genera</Title><Series>Zoological Journal of the Linnean Society</Series><Volume>155</Volume><Issue>4</Issue><Pagination>759-773</Pagination></sequence><sequence><Authors>Schockaert, E. R.; Karling, T. G.</Authors><Year>1975</Year><Title>Anatomy and taxonomy of some species of Polycystididae (Turbellaria, Kalyptorhynchia) from N. Atlantic and Mediterranean coastal areas.</Title><Series>Zoologica Scripta</Series><Volume>4</Volume><Pagination>133-143</Pagination></sequence><sequence><Authors>Schockaert, E.R.; Brunet, M.</Authors><Year>1971</Year><Title>Turbellaria Polycystididae (Turbellaria, Kalyptorhynchia) from the Marseille-area: 2. &lt;i&gt;Gallorhynchus simplex&lt;/i&gt; n.g. n.sp. and &lt;i&gt;G. mediterraneus&lt;/i&gt; n.sp.</Title><Series>Annales de la Soci&#233;t&#233; Royale Zoologique de Belgique</Series><Volume>101</Volume><Issue>1-2</Issue><Pagination>65-75</Pagination></sequence><sequence><Authors>Sch&#246;nberg, C.H.L.</Authors><Year>2000</Year><Title>Bioeroding sponges common to the Central Great Barrier Reef: descriptions of three new species, two new records, and additions to two previously described species</Title><Series>Senckenbergiana maritima</Series><Volume>30</Volume><Issue>3-6</Issue><Pagination>161-221</Pagination></sequence><sequence><Authors>Schrijvers, J., J. Okondo, M. Steyaert &amp; M. Vincx</Authors><Year>1995</Year><Title>Influence of epibenthos on meiobenthos of the Ceriops tagal mangrove sediment at Gazi Bay, Kenya.</Title><Series>Marine Ecology Progress Series</Series><Volume>128</Volume><Issue>1-3</Issue><Pagination>247-259</Pagination></sequence><sequence><Authors>Schrijvers, J.; Camargo, M.G.; Pratiwi, R.; Vincx, M.</Authors><Year>1998</Year><Title>The infaunal macrobenthos under east African Ceriops tagal mangroves impacted by epibenthos</Title><Series>J. Exp. Mar. Biol. Ecol.</Series><Volume>222</Volume><Issue>1-2</Issue><Pagination>175-193</Pagination></sequence><sequence><Authors>Schrijvers, J.; Schallier, R.; Silence, J.; Okondo, J.; Vincx, M</Authors><Year>1997</Year><Title>Interactions between epibenthos and meiobenthos in a high intertidal avicenna marina mangrove forest</Title><Series>Mangroves and Salt Marshes</Series><Volume>1</Volume><Pagination>137-154</Pagination></sequence><sequence><Authors>Schrijvers, J.; Vincx, M.</Authors><Year>1997</Year><Title>Cage experiments in an East African  mangrove forest : a synthesis</Title><Series>J. Sea Res.</Series><Volume>38</Volume><Pagination>123-133</Pagination></sequence><sequence><Authors>Schultz, H.</Authors><Year>2005</Year><Title>Sea Urchins: a guide to worldwide shallow water species</Title><Series>Heinke &amp; Peter Schultz Partner, Hemdingen</Series><Pagination>484</Pagination></sequence><sequence><Authors>Schulz, E.</Authors><Year>1932</Year><Title>Beitr&#228;ge zur Kenntnis mariner Nematoden aus der Kieler Bucht</Title><Series>Zool. Jahrb. Jena (Syst.)</Series><Volume>62</Volume><Pagination>331-430, 51 figs.</Pagination></sequence><sequence><Authors>Schulz, E.</Authors><Year>1938</Year><Title>Beitr&#228;ge zur Morphologie und Systematik freilebender mariner Nematoden I.</Title><Series>Kieler Meeresforschungen</Series><Volume>3</Volume><Pagination>114-121</Pagination></sequence><sequence><Authors>Schulze, F.E.</Authors><Year>1876</Year><Title>&lt;i&gt;Tiarella singularis&lt;/i&gt;, ein neuer Hydroidpolyp.</Title><Series>Zeitschrift f&#252;r wissenschaftliche Zoologie</Series><Volume>27</Volume><Pagination>403-416</Pagination></sequence><sequence><Authors>Schuurmans Stekhoven, J. H. Jr.</Authors><Year>1935</Year><Title>N&#233;matodes libres captur&#233;s entre les Hydraires dans le port de Plymouth</Title><Series>Bull. Mus. r. Hist. nat. Belg.</Series><Volume>XI</Volume><Issue>33</Issue><Pagination>1-2</Pagination></sequence><sequence><Authors>Schuurmans Stekhoven, J. H. Jr.</Authors><Year>1942</Year><Title>Les n&#233;matodes libres marins du Bassin de Chasse d'Ostende [The free-living nematods of the Sluice Dock at Ostend]</Title><Series>Med. K. Belg. Inst. Nat. Wet.</Series><Volume>18</Volume><Issue>12</Issue><Pagination>1-26</Pagination></sequence><sequence><Authors>Schuurmans Stekhoven, J. H. Jr.</Authors><Year>1950</Year><Title>The freeliving marine nemas of the Mediterranean: I. The Bay of Villefranche</Title><Series>M&#233;moires de l'Institut Royal des Sciences Naturelles de Belgique, deuxi&#232;me s&#233;rie = Verhandelingen van het Koninklijk Belgisch Instituut voor Natuurwetenschappen. Institut Royal des Sciences Naturelles de Belgique: Bruxelles</Series><Volume>2</Volume><Issue>37</Issue><Pagination>1-220</Pagination></sequence><sequence><Authors>Sciberras, M.; Schembri, P.</Authors><Year>2007</Year><Title>A Critical Review Of Records Of Alien Marine Species From The Maltese Islands And Surrounding Waters (Central Mediterranean).</Title><Series>Mediterranean Marine Science</Series><Volume>8</Volume><Issue>1</Issue><Pagination>41-66</Pagination></sequence><sequence><Authors>Scott, F.J.; Marchant, H.J. (Ed.)</Authors><Year>2005</Year><Title>Antarctic marine protists</Title><Series>Australian Biological Resources Study</Series><Pagination>563</Pagination></sequence><sequence><Authors>Scott, T.</Authors><Year>1902</Year><Title>Notes on gatherings of Crustacea collected by the Fishery Steamer 'Garland' and the steam trawlers 'Star of Peace' and 'Star of Hope', of Aberdeen, during the year 1901.</Title><Series>Report of the Fishery Board for Scotland</Series><Volume>20</Volume><Issue>3</Issue><Pagination>447-484, pls. 22-25</Pagination></sequence><sequence><Authors>Scott, T.</Authors><Year>1902</Year><Title>Observations on the food of fishes.</Title><Series>Annual Report of the Fishery Board for Scotland</Series><Volume>20</Volume><Issue>3</Issue><Pagination>486-538</Pagination></sequence><sequence><Authors>Scott, T. &amp; A. Scott</Authors><Year>1901</Year><Title>On some Entomostraca collected in the Arctic Seas in 1898 by William S. Bruce F.R.S.G.S.</Title><Series>Annals and Magazine of Natural History</Series><Volume>8</Volume><Issue>7</Issue><Pagination>337-356, pls. 3-6. (xi-1901)</Pagination></sequence><sequence><Title>Sea and Pacific Motor Boat</Title><Publisher>Miller Freeman Publications</Publisher><City>Los Angeles</City></sequence><sequence><Authors>Sebastian, S.; Raes, M.; De Mesel, I.; Vanreusel, A.</Authors><Year>2007</Year><Title>Comparison of the nematode fauna from the Weddell Sea Abyssal Plain with two North Atlantic abyssal sites</Title><Series>Deep Sea Research Part II: Topical Studies in Oceanography</Series><Volume>54</Volume><Issue>16-17</Issue><Pagination>1727-1736</Pagination></sequence><sequence><Authors>Seenivasan, R.; Sausen, N.; Medlin, L. K.; Melkonian, M.</Authors><Year>2013</Year><Title>Picomonas judraskeda Gen. Et Sp. Nov.: The First Identified Member of the Picozoa Phylum Nov., a Widespread Group of Picoeukaryotes, Formerly Known as &#8216;Picobiliphytes'</Title><Series>PLoS ONE</Series><Volume>8</Volume><Issue>3</Issue><Pagination>e59565</Pagination></sequence><sequence><Authors>Selden, P.A., R. Huys, M.H. Stephenson, A.P. Heward &amp; P. N. Taylor</Authors><Year>2010</Year><Title>Crustaceans from bitumen clast in Carboniferous glacial diamictite extend fossil record of copepods.</Title><Series>Nature Communications</Series></sequence><sequence><Authors>Serejo, C. S.</Authors><Year>2004</Year><Title>Cladistic revision of talitroidean amphipods (Crustacea, Gammaridea), with a proposal of a new classification</Title><Series>Zoologica Scripta</Series><Volume>33</Volume><Issue>6</Issue><Pagination>551-586</Pagination></sequence><sequence><Authors>Sgarrella, F.; Moncharmont Zei, M.</Authors><Year>1993</Year><Title>Benthic Foraminifera of the Gulf of Naples (Italy): systematics and autoecology</Title><Series>Bollettino della Societ&#224; Paleontologica Italiana</Series><Volume>32</Volume><Issue>2</Issue><Pagination>145-264</Pagination></sequence><sequence><Authors>Sharma, J.</Authors><Year>1985</Year><Title>A study of the nematode fauna of three estuaries in the Netherlands</Title><Series>PhD Thesis. Rijksuniversiteit Gent: Gent</Series><Pagination>279</Pagination></sequence><sequence><Authors>Shefer, S.; Feldstein, T.; Mienis, H. K.; Rittner, O.; Gur, A.</Authors><Year>2012</Year><Title>First records Of &lt;i&gt;Mimachlamys sanguinea&lt;/i&gt; (Linnaeus, 1758) from the Mediterranean coast of Israel (Bivalvia, Pectinidae).</Title><Series>Triton</Series><Volume>25</Volume><Pagination>1-2</Pagination></sequence><sequence><Authors>Sierra, R.; Matz, M. V.; Aglyamova, G.; Pillet, L.; Decelle, J.; Not, F.; De Vargas, C.; Pawlowski, J.</Authors><Year>2013</Year><Title>Deep relationships of Rhizaria revealed by phylogenomics: A farewell to Haeckel's Radiolaria</Title><Series>Molecular Phylogenetics and Evolution</Series><Volume>67</Volume><Issue>1</Issue><Pagination>53-59</Pagination></sequence><sequence><Authors>Sil&#233;n, L.</Authors><Year>1942</Year><Title>Carnosa and Stolonifera (Bryozoa) collected by Prof. Dr. Sixten Bock's expedition to Japan and the Bonin Islands 1914</Title><Series>Ark. Zool.</Series><Volume>34A</Volume><Issue>8</Issue><Pagination>1-33</Pagination></sequence><sequence><Authors>Sil&#233;n, L.</Authors><Year>1946</Year><Title>On two groups of Bryozoa living in Shells of Molluscs</Title><Series>Arkiv f&#246;r Zoologi. Stockholm</Series><Volume>38B</Volume><Issue>1</Issue><Pagination>1-7</Pagination></sequence><sequence><Authors>Sil&#233;n, L.</Authors><Year>1947</Year><Title>On the anatomy and biology of Penetrantiidae and Immergentiidae (Bryozoa)</Title><Series>Arkiv f&#246;r zoologi</Series><Volume>40A</Volume><Pagination>1-48</Pagination></sequence><sequence><Authors>Silva, P.C.</Authors><Year>1960</Year><Title>Remarks on algal nomenclature III.</Title><Series>Taxon</Series><Volume>9</Volume><Pagination>18-25</Pagination></sequence><sequence><Authors>Simon, E.</Authors><Year>2010</Year><Title>Argyrotheca furtiva n. sp. and Joania arguta (Grant, 1983) two micromorphic megathyrid brachiopods (Terebratulida, Megathyridoidea) from the Indonesian Archipelago</Title><Series>Bulletin de l'Institut royal des Sciences naturelles de Belgique, Biologie</Series><Volume>80</Volume><Pagination>277-295</Pagination></sequence><sequence><Authors>Simon, E.; Willems, G.</Authors><Year>1999</Year><Title>Gwynia capsula (Jeffreys, 1859) and other recent brachiopods from submarine caves in Croatia</Title><Series>Bull. K. Belg. Inst. Nat. Wet.</Series><Volume>69</Volume><Pagination>15-21</Pagination></sequence><sequence><Authors>Simonini, R.</Authors><Year>2002</Year><Title>Distribution and ecology of the genus &lt;i&gt;Ophryotrocha&lt;/i&gt; (Polychaeta: Dorvilleidae) in Italian harbours and lagoons</Title><Series>Vie Milieu</Series><Volume>52</Volume><Pagination>59-65</Pagination></sequence><sequence><Authors>Sinis, A.</Authors><Year>2005</Year><Title>First record of &lt;i&gt;Tylosurus crocodilus&lt;/i&gt; (Peron &amp; Lesueur 1821) (Pisces: Belonidae) in the Mediterranean (North Aegean Sea, Greece)</Title><Series>Journal of Biological Research</Series><Volume>4</Volume><Pagination>221-224</Pagination></sequence><sequence><Authors>Skuja, H.</Authors><Year>1948</Year><Title>Taxonomie des Phytoplanktons einiger Seen in Uppland, Schweden.</Title><Series>Symbolae Botanicae Upsalienses</Series><Volume>9</Volume><Issue>3</Issue><Pagination>1-399</Pagination></sequence><sequence><Authors>Skvortzov, B.V.</Authors><Year>1968</Year><Title>New and little known Peridineae from northern Manchuria, China.</Title><Series>Quart. J. Taiwan Mus.</Series><Volume>21</Volume><Pagination>79-114</Pagination></sequence><sequence><Authors>Slabber, M.</Authors><Year>1778</Year><Title>Natuurkundige Verlustigingen, behelzende microscopise Waarnemingen van in - en utilandse Water - en Land-Dieren</Title><Series>J. Bosch, Haarlem</Series><Pagination>166 pp, 18 pls</Pagination></sequence><sequence><Title>Social Cognitive and Affective Neuroscience</Title><Publisher>OXFORD UNIV PRESS</Publisher><City>Oxford</City></sequence><sequence><Authors>Soetaert, K., M. Vincx, J. Wittoeck &amp; M. Tulkens</Authors><Year>1995</Year><Title>Meiobenthic distribution and nematode community structure in five European estuaries.</Title><Series>Hydrobiologia</Series><Volume>311</Volume><Issue>1-3</Issue><Pagination>185-206</Pagination></sequence><sequence><Authors>Soetaert, K.; Heip, C.; Vincx, M.</Authors><Year>1991</Year><Title>The meiobenthos along a Mediterranean deep-sea transect off Calvi (Corsica) and in an adjacent canyon.</Title><Series>Marine Ecology</Series><Volume>12</Volume><Issue>3</Issue><Pagination>227-242</Pagination></sequence><sequence><Authors>Soetaert, K.; Vincx, M.</Authors><Year>1987</Year><Title>Six new Richtersia species (Nematoda, Selachinematidae) from the Mediterranean Sea</Title><Series>Zoologica Scripta</Series><Volume>16</Volume><Issue>2</Issue><Pagination>125-142</Pagination></sequence><sequence><Authors>Soetaert, K.; Vincx, M.</Authors><Year>1988</Year><Title>Spirobolbolaimus bathyalis, gen. nov., sp. nov. (Nematoda, Microlaimidae) from the Mediterranean (Calvi)</Title><Series>Hydrobiologia</Series><Volume>164</Volume><Issue>1</Issue><Pagination>33-38</Pagination></sequence><sequence><Authors>Somerfield, P.J.; Cochrane, S.J.; Dahle, S.; Pearson, T.H.</Authors><Year>2006</Year><Title>Free-living nematodes and macrobenthos in a high-latitude glacial fjord</Title><Series>J. Exp. Mar. Biol. Ecol.</Series><Volume>330</Volume><Pagination>284-296</Pagination></sequence><sequence><Authors>Soors, J.; Faasse, M.; Stevens, M.; Verbessem, I.; De Regge, N.; Van den Bergh, E.</Authors><Year>2010</Year><Title>New crustacean invaders in the Schelde estuary (Belgium)</Title><Series>Belg. J. Zool.</Series><Volume>140</Volume><Issue>1</Issue><Pagination>3-10</Pagination></sequence><sequence><Authors>Sopott-Ehlers, B.</Authors><Year>1976</Year><Title>Interstitielle Macrostomida und Proseriata (Turbellaria) von der franzosischen Atlantikkuste und den Kanarischen Inseln.</Title><Series>Mikrofauna des Meeresbodens</Series><Volume>60</Volume><Pagination>1-35</Pagination></sequence><sequence><Title>Southern Journal of Philosophy</Title><Publisher>Wiley-Blackwell</Publisher><City>Hoboken</City></sequence><sequence><Authors>Sowerby, G. B., II</Authors><Year>1870</Year><Title>Descriptions of forty-eight new species of shells</Title><Series>Proceedings of the Zoological Society of London</Series><Volume>1870</Volume><Pagination>249-259</Pagination></sequence><sequence><Authors>Sowerby, G. B., II</Authors><Year>1873</Year><Title>Descriptions of five new cones</Title><Series>Proceedings of the Zoological Society of London</Series><Volume>1873</Volume><Pagination>145-146, pl. 15.</Pagination></sequence><sequence><Authors>Sowerby, G. B., III</Authors><Year>1875</Year><Title>Descriptions of ten new species of shells</Title><Series>Proceedings of the Zoological Society of London</Series><Volume>43</Volume><Pagination>125-129, pl. 24.</Pagination></sequence><sequence><Authors>Sowerby, G. B., III</Authors><Year>1888</Year><Title>Description of sixteen new species of shells.</Title><Series>Proceedings of the Zoological Society of London</Series><Volume>1888</Volume><Pagination>207-213, pl. 11</Pagination></sequence><sequence><Authors>Sowinsky, V.</Authors><Year>1894</Year><Title>Sur les crustac&#233;s de la Mer d'Azov = &#1056;&#1072;&#1082;&#1086;&#1086;&#1073;&#1088;&#1072;&#1072;&#1085;&#1099;&#1085; &#1040;&#1072;&#1086;&#1074;&#1089;&#1082;&#1072;&#1075;&#1086; &#1084;&#1086;&#1088;&#1080;.</Title><Series>Zapiski Kievskago obshchestva estestvoispytatele = M&#233;moires de la Soci&#233;t&#233; des Naturalistes de Kieff</Series><Volume>13</Volume><Pagination>289-406</Pagination></sequence><sequence><Authors>Spanier, E.; Goren, M.</Authors><Year>1988</Year><Title>An Indo-Pacific trunkfish &lt;i&gt;Tetrosomus gibbosus&lt;/i&gt; (Linnaeus): first record of the family Ostracionidae in the Mediterranean</Title><Series>Journal of Fish Biology</Series><Volume>32</Volume><Issue>5</Issue><Pagination>797-798</Pagination></sequence><sequence><Title>Special Publication of the Japan Coleopterological Society</Title><City>Osaka</City></sequence><sequence><Authors>Spry, J.F.</Authors><Year>1964</Year><Title>The sea shells of Dar es Salaam: Part 2: Pelecypoda (Bivalves)</Title><Series>Tanganyika Notes and Records</Series><Pagination>63</Pagination></sequence><sequence><Authors>Ssaweljev, S.</Authors><Year>1912</Year><Title>Zur Kenntnis der freilebenden Nematoden des Kolafjords und des Relictensee Mogilnoje.</Title><Series>Travaux de la Soci&#233;t&#233; (Imp&#233;riales) des Naturalistes de Saint-Petersbourg</Series><Volume>42</Volume><Issue>2-3</Issue><Pagination>108-126</Pagination></sequence><sequence><Authors>Stackhouse, J.</Authors><Year>1797</Year><Title>Nereis britannica, continens species omnes fucorum in insulis Britannicis crescentium, descriptione latina et anglica, necnon iconibus ad vivum depictis: 2. [Nereis britannica, containing all the species of fuci, natives of the British coasts: with a description in English and Latin, and plates coloured from nature].</Title><Series>S. Hazard: Bath, UK.</Series><Pagination>IX-XXIV, 31-70</Pagination></sequence><sequence><Title>Statistical books - Eurostat</Title><Publisher>Publications Office of the European Union</Publisher><City>Luxembourg</City></sequence><sequence><Authors>Stauffer, H.</Authors><Year>1924</Year><Title>Zur Kenntnis der Nematodengattung Rhanbdogaster</Title><Series>Zoologische Jahrbuecher. Abteilung fuer Systematiks</Series><Volume>49</Volume><Pagination>119-130</Pagination></sequence><sequence><Authors>Stegenga, H.</Authors><Year>1998</Year><Title>Nieuw gevestigde soorten van het geslacht Polysiphonia (Rhodophyta, Rhodomelaceae) in Zuidwest-Nederland</Title><Series>Gorteria</Series><Volume>24</Volume><Pagination>149-156</Pagination></sequence><sequence><Authors>Steiner, G.</Authors><Year>1915</Year><Title>Freilebende marine Nematoden von der K&#252;ste Sumatras</Title><Series>Zool. Jb. (Syst.)</Series><Volume>38</Volume><Issue>3-4</Issue><Pagination>223-244</Pagination></sequence><sequence><Authors>Stekhoven, J. H. S.</Authors><Year>1935</Year><Title>Nematoda: Systematischer Teil, Nematoda errantia</Title><Series>Tierwelt N. u. Ostsee</Series><Volume>5b</Volume><Pagination>1-173</Pagination></sequence><sequence><Authors>Sterrer, W.</Authors><Year>1966</Year><Title>Gnathostomula paradoxa und Vertreter von Pterognathia (ein neues Gnathostomuliden-Genus) von der schwedischen Westk&#252;ste</Title><Series>Arkiv f&#246;r Zoologi</Series><Volume>18</Volume><Issue>16</Issue><Pagination>405-413</Pagination></sequence><sequence><Authors>Sterrer, W.</Authors><Year>1991</Year><Title>&lt;i&gt;Triplignathia adriatica&lt;/i&gt;, new genus and species, and a typology of mouth parts in Austrognathiidae (Ganthostomulida)</Title><Series>Proc. Biol. Soc. Wash.</Series><Volume>104</Volume><Issue>3</Issue><Pagination>640-646</Pagination></sequence><sequence><Authors>Sterrer, W.</Authors><Year>2001</Year><Title>Gnathostomulida from Australia and Papua New Guinea</Title><Series>Cah. Biol. Mar.</Series><Volume>42</Volume><Issue>4</Issue><Pagination>363-395</Pagination></sequence><sequence><Authors>Steyaert, M.; Garner, N.; Van Gansbeke, D.; Vincx, M.</Authors><Year>1999</Year><Title>Nematode communities from the North Sea: environmental controls on species diversity and vertical distribution within the sediment</Title><Series>Journal of the Marine Biological Association of the UK</Series><Volume>79</Volume><Issue>2</Issue><Pagination>253-264</Pagination></sequence><sequence><Authors>Steyaert, M.; Herman, P.; Moens, T.; Widdows, J.; Vincx, M.</Authors><Year>2001</Year><Title>Tidal migration of nematodes on an estuarine tidal flat (the Molenplaat, Schelde Estuary, SW Netherlands)</Title><Series>Marine Ecology Progress Series</Series><Volume>224</Volume><Pagination>299-304</Pagination></sequence><sequence><Authors>Steyaert, M.; Moodley, L.; Vanaverbeke, J.; Vandewiele, S.; Vincx, M.</Authors><Year>2005</Year><Title>Laboratory experiments on the infaunal activity of intertidal nematodes</Title><Series>Hydrobiologia</Series><Volume>540</Volume><Issue>1-3</Issue><Pagination>217-223</Pagination></sequence><sequence><Authors>Steyaert, M.; Vanaverbeke, J.; Vanreusel, A.; Barranguet, C.; Lucas, C.; Vincx, M.</Authors><Year>2003</Year><Title>The importance of fine-scale, vertical profiles in characterising nematode community structure</Title><Series>Estuarine, Coastal and Shelf Science</Series><Volume>58</Volume><Issue>2</Issue><Pagination>353-366</Pagination></sequence><sequence><Authors>Stock, J. H.</Authors><Year>1958</Year><Title>Pycnogonida from the Mediterranean coast of Israel.</Title><Series>The bulletin of the Research Council of Israel</Series><Volume>7B</Volume><Issue>3-4</Issue><Pagination>137-142</Pagination></sequence><sequence><Authors>Stock, J. H.</Authors><Year>1997</Year><Title>Pycnogonida collected in recent years around New Caledonia and Vanuatu</Title><Book>R&#233;sultats des Campagnes MUSORSTOM 18</Book><Series>M&#233;moires du Mus&#233;um national d'Histoire naturelle. S&#233;rie A, Zoologie</Series><Volume>176</Volume><Pagination>389-409</Pagination></sequence><sequence><Authors>Streftaris, N.; Zenetos, A.; Papathanassiou, E.</Authors><Year>2005</Year><Title>Globalisation in marine ecosystems: the story of non-indigenous marine species across European seas</Title><Series>Oceanogry and Marine Biology: an Annual Review</Series><Volume>43</Volume><Pagination>419-453</Pagination></sequence><sequence><Title>Strength of Materials</Title><Publisher>Springer</Publisher><City>New York</City></sequence><sequence><Title>Structural Dynamics</Title><Publisher>AMER INST PHYSICS</Publisher><City>Melville</City></sequence><sequence><Authors>Suzuki, N.; Not, F.</Authors><Year>2015</Year><Title>Biology and Ecology of Radiolaria, in: Ohtsuka, S. et al. (Ed.)</Title><Book>Marine Protists: Diversity and dynamics</Book><Pagination>179-222</Pagination></sequence><sequence><Authors>Swedmark, B.</Authors><Year>1952</Year><Title>Note pr&#233;liminaire sur un polych&#232;te s&#233;dentaire aberrant, Psammodrilus balanoglossoides, n.gen., n.sp</Title><Series>Arkiv f&#246;r Zoologi</Series><Volume>4</Volume><Issue>8</Issue><Pagination>159-162</Pagination></sequence><sequence><Authors>Swedmark, B.</Authors><Year>1954</Year><Title>Description de Paraturbanella teissieri, n. sp. (Gastrotriche Macrodasyoide).</Title><Series>Bulletin de la Soci&#233;t&#233; zoologique de France.</Series><Volume>79</Volume><Pagination>46-49, 2 figs.</Pagination></sequence><sequence><Authors>Szidat, L.</Authors><Year>1954</Year><Title>Trematodes nuevos de peces de agua dulce de la Rep&#250;blica Argentina y un intento para aclarar su car&#225;cter marino.</Title><Series>Revista del Instituto Nacional de Investigaci&#243;n de las Ciencias Naturales y Museo Argentio de Ciencias Naturales</Series><Volume>3</Volume><Pagination>1-85</Pagination></sequence><sequence><Authors>Taheri, M.; Braeckman, U.; Vincx, M.; Vanaverbeke, J.</Authors><Year>2014</Year><Title>Effect of short-term hypoxia on marine nematode community structure and vertical distribution pattern in three different sediment types of the North Sea</Title><Series>Marine Environmental Research</Series><Volume>99</Volume><Pagination>149-159</Pagination></sequence><sequence><Authors>Tanita, S.</Authors><Year>1963</Year><Title>Report on the non-calcareous sponges in the museum of the Biological Institute of the T&#244;hoku University. Part II.</Title><Series>Science Reports of the T&#244;hoku Imperial University</Series><Volume>4</Volume><Issue>19</Issue><Pagination>121-129</Pagination></sequence><sequence><Authors>Tassia, M. G.; Cannon, J. T.; Konikoff, C. E.; Shenkar, N.; Halanych, K. M.; Swalla, B. J.</Authors><Year>2016</Year><Title>The Global Diversity of Hemichordata</Title><Series>PLOS ONE</Series><Volume>11</Volume><Issue>10</Issue><Pagination>e0162564</Pagination></sequence><sequence><Authors>Tattersall, W. M.</Authors><Year>1911</Year><Title>Schizopodous Crustacea from the northeast Atlantic slope</Title><Series>Second supplement. Fisheries, Ireland, Sci. Invest. 1910</Series><Volume>II</Volume><Pagination>1-77, plates I-VIII</Pagination></sequence><sequence><Authors>Tauber, P.</Authors><Year>1879</Year><Title>Annulata Danica. En Kritisk Revision af de i Danmark Fundne Annulata Chaetognatha, Gephyrea, Balanoglossi, Discophoreae, Oligochaeta, Gymnocopa og Polychaeta.</Title><Series>Reitzel. K benhavn.</Series><Pagination>1-143</Pagination></sequence><sequence><Authors>Tavares, M.</Authors><Year>1997</Year><Title>Crustacea Decapoda: Cyclodorippidae r&#233;colt&#233;s dans l'archipel de Vanuatu (Brachyura)</Title><Book>R&#233;sultats des Campagnes MUSORSTOM 18</Book><Series>M&#233;moires du Mus&#233;um national d'Histoire naturelle. S&#233;rie A, Zoologie</Series><Volume>176</Volume><Pagination>261-270</Pagination></sequence><sequence><Authors>Tchesunov, A. V.; Ingels, J.; Popova, E. V.</Authors><Year>2012</Year><Title>Marine free-living nematodes associated with symbiotic bacteria in deep-sea canyons of north-east Atlantic Ocean</Title><Series>Journal of the Marine Biological Association of the United Kingdom</Series><Volume>92</Volume><Issue>06</Issue><Pagination>1257-1271</Pagination></sequence><sequence><Authors>Tchesunov, A. V.; Miljutina, M. A.</Authors><Year>2008</Year><Title>A new free-living nematode Intasia monohystera gen. n., sp. n. (Nematoda, Araeolaimida, Diplopeltidae) from the Barents Sea and the White Sea, with a key to genera of Diplopeltidae</Title><Series>Rus. J. Nematol.</Series><Volume>16</Volume><Issue>1</Issue><Pagination>33-48</Pagination></sequence><sequence><Authors>Terenko, L. M.; Terenko, G. V.</Authors><Year>2000</Year><Title>Species diversity of the plankton phytocenosis in the Odessa Bay of the Black Sea.</Title><Series>Ekologia Morya</Series><Volume>52</Volume><Pagination>56-59</Pagination></sequence><sequence><Authors>Terlizzi, A.; Scuderi, D.; Fraschetti, S.; Anderson, M. J.</Authors><Year>2005</Year><Title>Quantifying effects of pollution on biodiversity: a case study of highly diverse molluscan assemblages in the Mediterranean</Title><Series>Marine Biology</Series><Volume>148</Volume><Pagination>293-305</Pagination></sequence><sequence><Title>The New Naturalist</Title></sequence><sequence><Authors>Thiel, H.</Authors><Year>1962</Year><Title>Clavopsella quadranularia nov. spec. (Clavopsellidae nov. fam.), ein neuer Hydroidpolyp aus der Ostsee und seine phylogenetische Bedeutung</Title><Series>Zeitschrift f&#252;r Morphologie und &#214;kologie der Tiere</Series><Volume>51</Volume><Issue>2</Issue><Pagination>227-260</Pagination></sequence><sequence><Authors>Thomas, P.A.</Authors><Year>1968</Year><Title>Studies on Indian sponges-II. Two new species of silicious sponges belonging to the genera &lt;i&gt;Aka&lt;/i&gt; de Laubenfels and &lt;i&gt;Damirina&lt;/i&gt; Burton.</Title><Series>Journal of the Marine Biological Association of India</Series><Volume>10</Volume><Issue>2</Issue><Pagination>250-254</Pagination></sequence><sequence><Authors>Thomas, P.A.</Authors><Year>1968</Year><Title>Studies on Indian sponges-IV. Additions to the genus &lt;i&gt;Corticum&lt;/i&gt; Schmidt with notes on the distribution of &lt;i&gt;C. candelabrum&lt;/i&gt; Schmidt.</Title><Series>Journal of the Marine Biological Association of India</Series><Volume>10</Volume><Issue>2</Issue><Pagination>260-263</Pagination></sequence><sequence><Authors>Thomas, P.A.</Authors><Year>1970</Year><Title>Studies on Indian sponges-VII. Two new records and a new species of the genus &lt;i&gt;Plakina&lt;/i&gt; Schulze (Carnosida: Halinidae) from the Indian region.</Title><Series>Journal of the Marine Biological Association of India</Series><Volume>12</Volume><Issue>1-2</Issue><Pagination>51-56</Pagination></sequence><sequence><Authors>Thomas, P.A.</Authors><Year>1974</Year><Title>A new genus and species (&lt;i&gt;Quasimella indica&lt;/i&gt;) of Demospongiae from Indian seas.</Title><Series>Journal of the Marine Biological Association of India</Series><Volume>16</Volume><Issue>1</Issue><Pagination>311-313</Pagination></sequence><sequence><Authors>Thomson, C.G.</Authors><Year>1857</Year><Title>Arter af sl&#228;gtet Omalium, funna i Sverige</Title><Series>&#214;fvers. K. Vetensk.-Akad. F&#246;rh.</Series><Volume>13</Volume><Issue>1856</Issue><Pagination>223-228</Pagination></sequence><sequence><Authors>Thomson, G.M.</Authors><Year>1880</Year><Title>New species of Crustacea from New Zealand</Title><Series>The Annals and Magazine of Natural History</Series><Volume>Series 5, 6</Volume><Issue>31</Issue><Pagination>1-6</Pagination></sequence><sequence><Authors>Thum, E.</Authors><Year>1903</Year><Title>Bericht &#252;ber eine Sammlung trockener Chalineen-Skelete aus dem Br&#252;sseler Museum.</Title><Series>Annales de la Societ&#233; Royale Zoologique et Malacologique de Belgique</Series><Volume>38</Volume><Pagination>9-12</Pagination></sequence><sequence><Authors>Thun, W. V.; Riemann, F.</Authors><Year>1967</Year><Title>Echinotheristus nov. gen. (freilebende Nematoden: Monhysteridae) aus sublitoralem Grobsand der Nordsee</Title><Series>Ver&#246;ff. Inst. Meeresforsch. Bremerh.</Series><Volume>10</Volume><Pagination>227-237</Pagination></sequence><sequence><Authors>Tillier, L.; Bavay, A.</Authors><Year>1905</Year><Title>Les mollusques testaces du Canal de Suez</Title><Series>Bulletin de la Societe Zoologique de France</Series><Volume>30</Volume><Pagination>170-181</Pagination></sequence><sequence><Authors>Tita, G.; Desrosiers, G.; Vincx, M.; Gagn&#233;, J.-P.; Locat, J.</Authors><Year>2001</Year><Title>Diversity and vertical distribution of nematode assemblages: the Saguenay fjord (Quebec, Canada)</Title><Series>Cah. Biol. Mar.</Series><Volume>42</Volume><Issue>3</Issue><Pagination>263-274</Pagination></sequence><sequence><Authors>Tita, G.; Vincx, M.; Desrosiers, G.</Authors><Year>1999</Year><Title>Size spectra, body width and morphotypes of intertidal nematodes: an ecological interpretation</Title><Series>J. Mar. Biol. Ass. U.K.</Series><Volume>79</Volume><Issue>6</Issue><Pagination>1007-1015</Pagination></sequence><sequence><Authors>Todaro, M.A. &amp; R. Huys</Authors><Year>1998</Year><Title>La meiofauna delle Secche della Meloria: osservazioni su un nuovo Leptastacidae (Copepoda, Harpacticoida).  Meiofauna from the Meloria Shoals: observations on a new Leptastacidae (Copepoda, Harpacticoida).</Title><Series>Biologia Marina Mediterranea</Series><Volume>5</Volume><Issue>1</Issue><Pagination>591-595</Pagination></sequence><sequence><Authors>Tom, M.; Galil, B.</Authors><Year>1991</Year><Title>The Macrobenthic Associations of Haifa Bay, Mediterranean Coast of Israel</Title><Series>Marine Ecology</Series><Volume>12</Volume><Issue>1</Issue><Pagination>75-86</Pagination></sequence><sequence><Authors>Topsent, E.</Authors><Year>1899</Year><Title>Document sur la faune des Spongiaires des C&#244;tes de Belgique.</Title><Series>Archives de Biologie</Series><Volume>16</Volume><Pagination>105-115</Pagination></sequence><sequence><Authors>Torigoe K. &amp; Inaba A.</Authors><Year>2011</Year><Title>Revision on the classification of Recent Naticidae</Title><Series>Bulletin of the Nishinomiya Shell Museum</Series><Volume>7</Volume><Pagination>133 + 15 pp., 4 pls</Pagination></sequence><sequence><Authors>Torres, P.; Andrade, P.; Silva, R.</Authors><Year>1998</Year><Title>On a new species of Hysterothylacium (Nematoda: Anisakidae) from Cauque mauleanum (Pisces: Atherinidae) by Brightfield and Scanning Electron Microscopy</Title><Series>Mem. Inst. Oswaldo Cruz, Rio de Janeiro</Series><Volume>93</Volume><Issue>6</Issue><Pagination>745-752</Pagination></sequence><sequence><Authors>Tottenham, C. E.</Authors><Year>1955</Year><Title>Studies in the genus Philonthus Stephens (Coleoptera: Staphylinidae)</Title><Series>Transactions of the Royal Entomological Society of London</Series><Volume>106</Volume><Issue>3</Issue><Pagination>153-195</Pagination></sequence><sequence><Authors>Tringali, L.</Authors><Year>1994</Year><Title>Levant Sea: A new Lessepsian host of the genus &lt;i&gt;Sticteulima&lt;/i&gt; F.C. Laseron, 1955</Title><Series>La Conchiglia</Series><Volume>273</Volume><Pagination>57-58</Pagination></sequence><sequence><Authors>Tringali, L.; Villa, R.</Authors><Year>1995</Year><Title>On the identity of the Lessepsian species of the genus &lt;i&gt;Anachis&lt;/i&gt; H. &amp; A. Adams, 1853, subgenus &lt;i&gt;Zafra&lt;/i&gt; A. Adams, 1860, found in the Levant Sea</Title><Series>La Conchiglia</Series><Volume>274</Volume><Pagination>15-19</Pagination></sequence><sequence><Authors>Tsurnamal, M.</Authors><Year>1969</Year><Title>Sponges of Red Sea origin on the Mediterranean coast of Israel</Title><Series>Israel Journal of Zoology</Series><Volume>18</Volume><Pagination>149-155</Pagination></sequence><sequence><Authors>Tu, N. D.; Vanreusel, A.; Smol, N.; Long, P. K.; Thanh, N. V.</Authors><Year>2013</Year><Title>Paracomesoma paralongispiculum sp. n.: a new species of nematode from mangroves of Can Gio (Vietnam) and taxonomy of the genus Paracomesoma Hope et Murphy, 1972 (Nematoda: Araeolaimida)</Title><Series>Russian Journal of Marine Biology</Series><Volume>39</Volume><Issue>2</Issue><Pagination>143-147</Pagination></sequence><sequence><Authors>Turk, T.</Authors><Year>2000</Year><Title>The opistobranch mollusks (Cephalaspidea, Saccoglossa, Notaspidea, Anaspidea and Nudibranchia) of the Adriatic Sea with special reference to the Slovenian coast</Title><Series>Annales Series Historia Naturalis</Series><Volume>21</Volume><Pagination>161-172</Pagination></sequence><sequence><Authors>Turpaeva, E. P.</Authors><Year>2003</Year><Title>Shallow water sea spiders (Pycnogonida) from the Kuril, Commander, and Yamskii Islands. 2. Pycnogonidae family.</Title><Series>Pycnogonidae family ZooL. Zhurn.</Series><Volume>82</Volume><Issue>5</Issue><Pagination>577-583</Pagination></sequence><sequence><Authors>Uriz, M.-J.; Rosell, D.; Martin, D.</Authors><Year>1992</Year><Title>The sponge population of the Cabrera Archipelago (Balearic Islands): characteristics, distribution and abundance of the most representative species.</Title><Series>P.S.Z.N.I.: Marine Ecology</Series><Volume>13</Volume><Issue>2</Issue><Pagination>101-117</Pagination></sequence><sequence><Authors>Uriz, M.J.; Maldonado, M.</Authors><Year>1995</Year><Title>A reconsideration of the relationship between polyaxonid and monaxonid spicules in Demospongiae: New data from the genera &lt;i&gt;Crambe&lt;/i&gt; and &lt;i&gt;Discorhabdella&lt;/i&gt; (Porifera)</Title><Series>Biological Journal of the Linnean Society</Series><Volume>55</Volume><Issue>1</Issue><Pagination>1-15</Pagination></sequence><sequence><Authors>Uriz, M.J.; Maldonado, M.</Authors><Year>2000</Year><Title>The genus &lt;i&gt;Acanthodendrilla&lt;/i&gt; in the Mediterranean Sea with description of a new species.</Title><Series>Zoosystema</Series><Volume>22</Volume><Issue>2</Issue><Pagination>401-410</Pagination></sequence><sequence><Authors>Uysal, Z., A.E. Kideys, A.A. Shmeleva, J.A. Zagorodnyaya &amp; A.D. Gubanova</Authors><Year>2002</Year><Title>Checklist of copepods (Calanoida and Podoplea) from the northern Levantine basin shelf waters.</Title><Series>Hydrobiologia</Series><Volume>482</Volume><Issue>1</Issue><Pagination>15-21</Pagination></sequence><sequence><Authors>Vacelet, J.; Boury-Esnault, N.</Authors><Year>1995</Year><Title>Carnivorous sponges</Title><Series>Nature (Lond.)</Series><Volume>373</Volume><Issue>6512</Issue><Pagination>333-335</Pagination></sequence><sequence><Authors>Vacelet, J.; P&#233;rez, T.</Authors><Year>1998</Year><Title>Two new genera and species of sponges (Porifera, Demospongiae) without skeleton from a Mediterranean cave.</Title><Series>Zoosystema</Series><Volume>20</Volume><Issue>1</Issue><Pagination>5-22</Pagination></sequence><sequence><Authors>Vader, W.</Authors><Year>1977</Year><Title>Habitat and distribution of Perforatella rubiginosa (Gastropoda, Pulmonata) in the freshwater tidal region of the Scheldt estuary, Belgium</Title><Series>Hydrobiologia</Series><Volume>52</Volume><Issue>1</Issue><Pagination>23-28</Pagination></sequence><sequence><Authors>Vald&#233;s, &#193;.</Authors><Year>2001</Year><Title>Deep-water phyllidiid nudibranchs (Gastropoda: Phyllidiidae) from the tropical south-west Pacific Ocean</Title><Book>Tropical Deep-Sea Benthos</Book><Series>M&#233;moires du Mus&#233;um national d'Histoire naturelle. S&#233;rie A, Zoologie</Series><Volume>185</Volume><Pagination>331-368</Pagination></sequence><sequence><Authors>Van Aartsen, J. J.</Authors><Year>1987</Year><Title>European Pyramidellidae: III. &lt;i&gt;Odostomia&lt;/i&gt; and &lt;i&gt;Ondina&lt;/i&gt;</Title><Series>Bollettino Malacologico</Series><Volume>23</Volume><Issue>1-4</Issue><Pagination>1-34</Pagination></sequence><sequence><Authors>van Aartsen, J. J.; Carrozza, F.</Authors><Year>1979</Year><Title>&lt;i&gt;Chrysallida fischeri&lt;/i&gt; (Hornung &amp; Mermod, 1925): a Red Sea species found at the Israeli mediterranean coast</Title><Series>Bollettino Malacologico</Series><Volume>15</Volume><Issue>1-2</Issue><Pagination>29-30</Pagination></sequence><sequence><Authors>van Aartsen, J. J.; Carrozza, F.</Authors><Year>1983</Year><Title>Two more Red Sea species recorded for the first time from the Mediterranean coast of Israel</Title><Series>Bollettino Malacologico</Series><Volume>19</Volume><Issue>1-4</Issue><Pagination>37-40</Pagination></sequence><sequence><Authors>van Aartsen, J.J.; Recevik, M.</Authors><Year>1998</Year><Title>Two more Indo-Pacific species found in the Mediterranean</Title><Series>La Conchiglia</Series><Volume>30</Volume><Issue>286</Issue><Pagination>13-15</Pagination></sequence><sequence><Authors>Van Beneden, E.</Authors><Year>1881</Year><Title>Existe-t-il un coelome chez les Ascidiens</Title><Series>Zool. Anz.</Series><Volume>4</Volume></sequence><sequence><Authors>Van Colen, C., S.F. Thrush, S. Parkes, R. Harris, S.A. Woodin, D.S. Wethey, C.A. Pilditch, J.E. Hewitt, A.M. Lohrer &amp; M. Vincx</Authors><Year>2015</Year><Title>Bottom-up and top-down mechanisms indirectly mediate interactions between benthic biotic ecosystem components.</Title><Series>Journal Of Sea Research</Series><Volume>98</Volume><Pagination>42-48</Pagination></sequence><sequence><Authors>Van Colen, C.; Montserrat, F.; Verbist, K.; Vincx, M.; Steyaert, M.; Vanaverbeke, J.; Herman, P.; Degraer, S.; Ysebaert, T.</Authors><Year>2009</Year><Title>Tidal flat nematode responses to hypoxia and subsequent macrofauna-mediated alterations of sediment properties</Title><Series>Marine Ecology Progress Series</Series><Volume>381</Volume><Pagination>189-197</Pagination></sequence><sequence><Authors>Van Damme, P.; Maes, J.</Authors><Year>1993</Year><Title>De Blauwe Zwemkrab Callinectes sapidus Rathbun, 1896 in de Westerschelde (Belgi&#235;)</Title><Series>De Strandvlo</Series><Volume>13</Volume><Issue>4</Issue><Pagination>120-121</Pagination></sequence><sequence><Authors>Van Damme, P.; Mees, J.; Maebe, S.</Authors><Year>1992</Year><Title>Voorkomen van het Zuiderzeekrabbetje Rhithropanopeus harrisii (Gould, 1841) in de Westerschelde.</Title><Series>De Strandvlo</Series><Volume>12</Volume><Issue>1</Issue><Pagination>19-21</Pagination></sequence><sequence><Authors>van der Land, J.</Authors><Year>2001</Year><Title>Ctenophora</Title><Book>European register of marine species: a check-list of the marine species in Europe and a bibliography of guides to their identification</Book><Publisher>Collection Patrimoines Naturels</Publisher><Volume>50</Volume><Pagination>122-123</Pagination></sequence><sequence><Authors>Van der Linden, J.; Eikenboom, J.C.A.</Authors><Year>1992</Year><Title>On the taxonomy of the Recent species of the genus &lt;i&gt;Chrysallida&lt;/i&gt; Carpenter from Europe, the Canary Islands and the Azores.</Title><Series>Basteria</Series><Volume>56</Volume><Issue>1-3</Issue><Pagination>3-63</Pagination></sequence><sequence><Authors>van Eck, G. Th. M.; Holzhauer, H.</Authors><Year>2007</Year><Title>Monitoring van de effecten van de verruiming 48'/43': MOVE eindrapport 2006 (Rapport 10)</Title><Series>Rapport RIKZ = Report RIKZ, 2007.003. RIKZ</Series><Pagination>64</Pagination></sequence><sequence><Authors>Van Ginderdeuren, K., G. van Hoey, M. Vincx &amp; K. Hostens</Authors><Year>2014</Year><Title>The mesozooplankton community of the Belgian shelf (North Sea).</Title><Series>Journal of Sea Research</Series><Volume>85</Volume><Pagination>48-58</Pagination></sequence><sequence><Authors>Van Ginderdeuren, K.; Vandendriessche, S.; Prossler, Y.; Matola, H.; Vincx, M.; Hostens, K.</Authors><Year>2013</Year><Title>Selective feeding by pelagic fish in the Belgian part of the North Sea</Title><Series>ICES Journal of Marine Science</Series><Volume>71</Volume><Issue>4</Issue><Pagination>808-820</Pagination></sequence><sequence><Authors>Van Hoey, G.; Guilini, K.; Rabaut, M.; Vincx, M.; Degraer, S.</Authors><Year>2008</Year><Title>Ecological implications of the presence of the tube-building polychaete Lanice conchilega on soft-bottom benthic ecosystems</Title><Series>Marine Biology</Series><Volume>154</Volume><Issue>6</Issue><Pagination>1009-1019</Pagination></sequence><sequence><Authors>Van Ryckegem, G.; Van Braeckel, A.; Elsen, R.; Speybroeck, J.; Vandevoorde, B.; Mertens, W.; Breine, J.; De Beukelaer, J.; De Regge, N.; Hessel, K.; Soors, J.; Terrie, T.; Van Lierop, F.; Van den Bergh, E.</Authors><Year>2016</Year><Title>MONEOS &#8211; Ge&#239;ntegreerd datarapport INBO: Toestand Zeeschelde 2015: monitoringsoverzicht en 1ste lijnsrapportage Geomorfologie, diversiteit Habitats en diversiteit Soorten</Title><Series>Rapport van het Instituut voor Natuur- en Bosonderzoek</Series><Publisher>Instituut voor Natuur- en Bosonderzoek</Publisher><City>Brussel</City><Volume>INBO.R.2016.12078839</Volume><Pagination>178</Pagination></sequence><sequence><Authors>Van Ryckegem, G.; Van Braeckel, A.; Elsen, R.; Speybroeck, J.; Vandevoorde, B.; Mertens, W.; Breine, J.; Van den Bergh, E.</Authors><Year>2014</Year><Title>MONEOS &#8211; Ge&#239;ntegreerd datarapport: INBO: toestand Zeeschelde 2013 Monitoringsoverzicht en 1ste lijnsrapportage Geomorfologie, diversiteit Habitats en diversiteit Soorten</Title><Series>Rapporten van het Instituut voor Natuur- en Bosonderzoek, INBO.R.2014.2646963. Instituut voor Natuur- en Bosonderzoek (INBO): Brussel</Series><Publisher>Instituut voor Natuur- en Bosonderzoek (INBO)</Publisher><City>Brussel</City><Pagination>137</Pagination></sequence><sequence><Authors>Van Soest, R.W.M.</Authors><Year>1984</Year><Title>Deficient &lt;i&gt;Merlia normani&lt;/i&gt; Kirkpatrick, 1908, from the Cura&#231;ao reefs, with a discussion on the phylogenetic interpretation of sclerosponges</Title><Series>Bijdragen tot de Dierkunde</Series><Volume>54</Volume><Issue>2</Issue><Pagination>211-219</Pagination></sequence><sequence><Authors>Van Soest, R.W.M.</Authors><Year>1988</Year><Title>&lt;i&gt;Tetrapocillon atlanticus&lt;/i&gt; n. sp. (Porifera, Poecilosclerida) from the Cape Verde islands</Title><Series>Beaufortia</Series><Volume>38</Volume><Issue>2</Issue><Pagination>37-46</Pagination></sequence><sequence><Authors>Van Soest, R.W.M.</Authors><Year>1990</Year><Title>&lt;i&gt;Monanchora stocki&lt;/i&gt; n. sp. (Porifera, Poecilosclerida) from the Mid-Atlantic Islands</Title><Series>Bijdragen tot de Dierkunde</Series><Volume>60</Volume><Issue>3-4</Issue><Pagination>249-255</Pagination></sequence><sequence><Authors>Van Soest, R.W.M.</Authors><Year>1998</Year><Title>A new sponge &lt;i&gt;Desmapsamma vervoorti&lt;/i&gt; spec. nov. (Poeciloslerida: Desmacididae) from Indonesia</Title><Series>Zoologische Verhandelingen Leiden</Series><Volume>323</Volume><Pagination>427-434</Pagination></sequence><sequence><Authors>Van Soest, R.W.M.; Braekman, J.C.</Authors><Year>1999</Year><Title>Chemosystematics of Porifera: a review. &lt;i&gt;In&lt;/i&gt;: Hooper JNA (ed) Origin and Outlook.</Title><Series>Memoirs of the Queensland Museum</Series><Volume>44</Volume><Pagination>569-589</Pagination></sequence><sequence><Authors>Van Soest, R.W.M.; De Kluijver, M.J.; Van Bragt, P.H.; Faasse, M.; Nijland, R.; Beglinger, E.J.; de Weerdt, W.H.; de Voogd, N.J.</Authors><Year>2007</Year><Title>Sponge invaders in Dutch coastal waters</Title><Series>Journal of the Marine Biological Association of the United Kingdom</Series><Volume>87</Volume><Issue>6</Issue><Pagination>1733-1748</Pagination></sequence><sequence><Authors>Van Soest, R.W.M.; D&#237;az, M.C.; Pomponi, S.A.</Authors><Year>1990</Year><Title>Phylogenetic classification of the halichondrids (Porifera, Demospongiae).</Title><Series>Beaufortia</Series><Volume>40</Volume><Issue>2</Issue><Pagination>15-62</Pagination></sequence><sequence><Authors>Van Soest, R.W.M.; Hajdu, E.</Authors><Year>2000</Year><Title>New species of &lt;i&gt;Desmanthus&lt;/i&gt; (Porifera, Demospongiae) with a discussion of its ordinal relationships.</Title><Series>Zoosystema</Series><Volume>22</Volume><Issue>2</Issue><Pagination>299-312</Pagination></sequence><sequence><Authors>Van Soest, R.W.M.; Hooper, J.N.A.</Authors><Year>2002</Year><Title>Order Spirophorida Bergquist &amp; Hogg, 1969. Pp. 83-84</Title><Book>Systema Porifera. A guide to the classification of sponges. 2 volumes.</Book><Publisher>Kluwer Academic / Plenum Publishers</Publisher><City>New York</City><Pagination>83-84</Pagination></sequence><sequence><Authors>Van Soest, R.W.M.; Lehnert, H.</Authors><Year>1997</Year><Title>The genus &lt;i&gt;Julavis&lt;/i&gt; de Laubenfels (Porifera: Halichondrida)</Title><Series>Proceedings of the Biological Society of Washington</Series><Volume>110</Volume><Issue>4</Issue><Pagination>502-510</Pagination></sequence><sequence><Authors>Van Soest, R.W.M.; Sass, D.B.</Authors><Year>1981</Year><Title>Amsterdam expeditions to the West Indian Islands, report 13. Marine sponges from an island cave on San Salvador Island, Bahamas</Title><Series>Bijdragen tot de Dierkunde</Series><Volume>51</Volume><Issue>2</Issue><Pagination>332-344</Pagination></sequence><sequence><Authors>Van Soest, R.W.M.; Stone, S.M.</Authors><Year>1986</Year><Title>&lt;i&gt;Antho brattegardi&lt;/i&gt; sp. n. (Porifera: Poecilosclerida), with remarks on and a key to the clathriids of Norwegian waters.</Title><Series>Sarsia</Series><Volume>71</Volume><Issue>1</Issue><Pagination>41-48</Pagination></sequence><sequence><Authors>Van Steenkiste, N.; Volonterio, O.; Schockaert, E.; Artois, T.</Authors><Year>2008</Year><Title>Marine Rhabdocoela (Platyhelminthes, Rhabditophora) from Uruguay, with the description of eight new species and two new genera</Title><Series>Zootaxa</Series><Volume>1914</Volume><Pagination>1-33</Pagination></sequence><sequence><Authors>Vanaverbeke, J.; Gheskiere, T.; Steyaert, M.; Vincx, M.</Authors><Year>2002</Year><Title>Nematode assemblages from subtidal sandbanks in the Southern Bight of the North Sea: effect of small sedimentological differences</Title><Series>Journal of Sea Research</Series><Volume>48</Volume><Issue>3</Issue><Pagination>197-207</Pagination></sequence><sequence><Authors>Vanaverbeke, J.; Merckx, B.; Degraer, S.; Vincx, M.</Authors><Year>2011</Year><Title>Sediment-related distribution patterns of nematodes and macrofauna: Two sides of the benthic coin?</Title><Series>Marine Environmental Research</Series><Volume>71</Volume><Issue>1</Issue><Pagination>31-40</Pagination></sequence><sequence><Authors>Vanaverbeke, J.; Vincx, M.</Authors><Year>2008</Year><Title>Short-term changes in nematode communities from an abandoned intense sand extraction site on the Kwintebank (Belgian Continental Shelf) two years post-cessation</Title><Series>Marine Environmental Research</Series><Volume>66</Volume><Issue>2</Issue><Pagination>240-248</Pagination></sequence><sequence><Authors>Vandendriessche, S.; Degraer, S.; Vincx, M.</Authors><Year>2003</Year><Title>Drijvende wieren als habitat voor macrofauna aan de Belgische kust [Floating seaweeds as habitat for macrofauna at the Belgian coast].</Title><Series>De Strandvlo</Series><Volume>23</Volume><Issue>2</Issue><Pagination>50-57</Pagination></sequence><sequence><Authors>Vandendriessche, S.; Messiaen, M.; Vincx, M.; Degraer, S.</Authors><Year>2005</Year><Title>Juvenile Hippocampus guttulatus from a neuston tow at the French-Belgian border</Title><Series>Belg. J. Zool.</Series><Volume>135</Volume><Issue>1</Issue><Pagination>101-102</Pagination></sequence><sequence><Authors>Vandepitte, L.; Vanhoorne, B.; Decock, W.; Dekeyzer, S.; Trias Verbeeck, A.; Bovit, L.; Hernandez, F.; Mees, J.</Authors><Year>2015</Year><Title>How Aphia&#8212;The Platform behind Several Online and Taxonomically Oriented Databases&#8212;Can Serve Both the Taxonomic Community and the Field of Biodiversity Informatics</Title><Series>Journal of Marine Science and Engineering</Series><Volume>3</Volume><Issue>4</Issue><Pagination>1448-1473</Pagination></sequence><sequence><Authors>Vandepitte, L.; Vanhoorne, B.; Decock, W.; Vranken, S.; Lanssens, T.; Dekeyzer, S.; Verfaille, K.; Horton, T.; Kroh, A.; Hernandez, F.; Mees, J.</Authors><Year>2018</Year><Title>A decade of the World Register of Marine Species &#8211; General insights and experiences from the Data Management Team: Where are we, what have we learned and how can we continue?</Title><Series>PLOS ONE</Series><Volume>13</Volume><Issue>4</Issue><Pagination>e0194599</Pagination></sequence><sequence><Authors>Vanderperren, J.-P.</Authors><Year>1991</Year><Title>Report Natural History Archive 1990 [Verslag Natuurhistorisch Archief 1990]</Title><Series>De Strandvlo</Series><Volume>11</Volume><Issue>3</Issue><Pagination>65-75</Pagination></sequence><sequence><Authors>Vanhove, S.; Arntz, W.; Vincx, M.</Authors><Year>1999</Year><Title>Comparative study of the nematode communities on the southeastern Weddell Sea shelf and slope (Antarctica)</Title><Series>Marine Ecology Progress Series</Series><Volume>181</Volume><Pagination>237-256</Pagination></sequence><sequence><Authors>Vanhove, S.; Lee, H. J.; Beghyn, M.; Van Gansbeke, D.; Brockington, S.; Vincx, M.</Authors><Year>1998</Year><Title>The metazoan meiofauna in its biogeochemical environment: the case of an Antarctic costal sediment</Title><Series>Journal of the Marine Biological Association of the United Kingdom</Series><Volume>78</Volume><Pagination>411-434</Pagination></sequence><sequence><Authors>Vanhove, S.; Vincx, M.; Van Gansbeke, D.; Gijselinck, W.; Schram, D.</Authors><Year>1992</Year><Title>The meiobenthos of five mangrove vegetation types in Gazi Bay, Kenya</Title><Series>Hydrobiologia</Series><Volume>247</Volume><Pagination>99-108</Pagination></sequence><sequence><Authors>Vanosmael, C.</Authors><Year>1977</Year><Title>Studie van het macrobenthos ter hoogte van de monding van de Westerschelde en de Belgische kust</Title><Series>MSc Thesis. Rijksuniversiteit Gent, Faculteit der Wetenschappen: Gent</Series><Pagination>70</Pagination></sequence><sequence><Authors>Vanosmael, C.; Willems, K. A.; Claeys, D.; Vincx, M.; Heip, C.</Authors><Year>1982</Year><Title>Macrobenthos of a sublittoral sandbank in the southern bight of the North Sea</Title><Series>Journal of the Marine Biological Association of the United Kingdom</Series><Volume>62</Volume><Pagination>521-534</Pagination></sequence><sequence><Authors>Vanreusel, A.; Clough, L.; Jacobsen, K.; Ambrose, W.; Jutamas Jivaluk; Ryheul, V.; Herman, R.; Vincx, M.</Authors><Year>2000</Year><Title>Meiobenthos of the central Arctic Ocean with special emphasis on the nematode community structure</Title><Series>Deep Sea Research Part I: Oceanographic Research Papers</Series><Volume>47</Volume><Issue>10</Issue><Pagination>1855-1879</Pagination></sequence><sequence><Authors>Vanreusel, A.; Vincx, M.</Authors><Year>1986</Year><Title>Four new species of the genus Perepsilonema Lorenzen, 1973 (Nematoda, Epsilonematidae) from the bay of Calvi (Corsica, Mediterranean)</Title><Series>Hydrobiologia</Series><Volume>134</Volume><Issue>2</Issue><Pagination>151-169</Pagination></sequence><sequence><Authors>Vanreusel, A.; Vincx, M.</Authors><Year>1989</Year><Title>Free-living marine nematodes from the Southern Bight of the North Sea. III. Species of the Monoposthiidae, Filipjev, 1934</Title><Series>Cah. Biol. Mar.</Series><Volume>30</Volume><Pagination>69-83</Pagination></sequence><sequence><Authors>Vanreusel, A.; Vincx, M.; Schram, D.; Van Gansbeke, D.</Authors><Year>1995</Year><Title>On the Vertical Distribution of the Metazoan Meiofauna in Shelf Break and Upper Slope Habitats of the NE Atlantic</Title><Series>Internationale Revue der gesamten Hydrobiologie und Hydrographie</Series><Volume>80</Volume><Issue>2</Issue><Pagination>313-326</Pagination></sequence><sequence><Authors>Vanreusel, A.; Vincx, M.; Van Gansbeke, D.; Gijselinck, W.</Authors><Year>1992</Year><Title>Structural analysis of the meiobenthos communities of the shelf break area in two stations of the Gulf of Biscay (N.E. Atlantic).</Title><Series>Belgian Journal of Zoology</Series><Volume>122</Volume><Issue>2</Issue><Pagination>185-202</Pagination></sequence><sequence><Authors>Vansteenbrugge, L.; Van Ginderdeuren, K.; Van Regenmortel, T.; Hostens, K.; Vincx, M.</Authors><Year>2012</Year><Title>Larval mantis shrimp Rissoides desmaresti (Risso, 1816) (Stomatopoda) in the Belgian part of the North Sea</Title><Series>Belg. J. Zool.</Series><Volume>142</Volume><Issue>2</Issue><Pagination>154-158</Pagination></sequence><sequence><Authors>Vasseur, P.</Authors><Year>1969</Year><Title>Deuxi&#232;me contribution &#224; l'&#233;tude des Ascidies de Madagascar r&#233;gion de Tul&#233;ar.</Title><Series>Bulletin du Museum national d'Histoire naturelle, Paris</Series><Volume>40</Volume><Issue>5</Issue><Pagination>912-933</Pagination></sequence><sequence><Authors>Veit-K&#246;hler, G., M. De Troch, M., M. Grego, T.N. Bezerra, W.E. Bonne, G. De Smet, C. Folkers, K.H. George, C. Guotong, R. Herman, R. Huys, N. Lampadariou, J. Laudien, P. Mart&#237;nez Arbizu, A. Rose, M. Schratzberger, S. Seifried, P. Somerfield, J. Vanaverbeke, E. Vanden Berghe, M. Vincx, B. Vriser &amp; L. Vandepitte</Authors><Year>2010</Year><Title>Large-scale diversity and biogeography of benthic copepods in European waters</Title><Series>Marine Biology</Series><Volume>157</Volume><Issue>8</Issue><Pagination>1819-1835</Pagination></sequence><sequence><Authors>Velikova, V.; Moncheva, S.; Petrova, D.</Authors><Year>1999</Year><Title>Phytoplankton dynamics and red tides (1987&#8211;1997) in the bulgarian black sea</Title><Series>Water Science and Technology</Series><Volume>39</Volume><Issue>8</Issue><Pagination>27-36</Pagination></sequence><sequence><Authors>Verhoeff, K. W.</Authors><Year>1943</Year><Title>&#220;ber Land-Isopoden aus der T&#252;rkei. 2. Aufsatz. (78. Isopoden-Aufsatz)</Title><Series>Istanbul &#220;niversitesi fen Fak&#252;ltesi Mecmuasi, Seri B</Series><City>Istanbul</City><Volume>8</Volume><Pagination>1-29</Pagination></sequence><sequence><Authors>Verlaque, M.</Authors><Year>1981</Year><Title>Contribution &#224; la flore des algues marines de M&#233;diterran&#233;e: Especes nouveiles pour la M&#233;diterran&#233;e occidentale.</Title><Series>Botanica Marina</Series><Volume>24</Volume><Pagination>559-568</Pagination></sequence><sequence><Authors>Verlaque, M.; Seridi, H.</Authors><Year>1991</Year><Title>&lt;i&gt;Antithamnion algeriensis&lt;/i&gt; nov. sp. (Ceramiaceae, Rhodophyta) from Algeria (Mediterranean Sea)</Title><Series>Botanica Marina</Series><Volume>34</Volume><Issue>2</Issue><Pagination>153-160</Pagination></sequence><sequence><Authors>Verleye, T.; De Raedemaecker, F.; Vandepitte, L.; Fockedey, N.; Lescrauwaet, A.-K.; De Pooter, D.; Mees, J.</Authors><Year>2020</Year><Title>Niet-inheemse soorten in het Belgisch deel van de Noordzee en aanpalende estuaria</Title><Series>VLIZ Special Publication</Series><Publisher>Vlaams Instituut voor de Zee (VLIZ)</Publisher><City>Oostende</City><Volume>86</Volume><Pagination>623</Pagination></sequence><sequence><Authors>Verschelde, D.; Gourbault, N.; Vincx, M.</Authors><Year>1998</Year><Title>Revision of Desmodora with descriptions of new Desmodorids (Nematoda) from hydrothermal vents of the Pacific</Title><Series>J. Mar. Biol. Ass. U.K.</Series><Volume>78</Volume><Pagination>75-112</Pagination></sequence><sequence><Authors>Verschelde, D.; Muthumbi, A.; Vincx, M.</Authors><Year>1995</Year><Title>Papillonema danieli gen. et sp. n. and Papillonema clavatum (Gerlach, 1957) comb. n. (Nematoda, Desmodoridae) from the Ceriops mangrove sediments of Gazi Bay, Kenya</Title><Series>Hydrobiologia</Series><Volume>316</Volume><Pagination>225-237</Pagination></sequence><sequence><Authors>Verschelde, D.; Vincx, M.</Authors><Year>1992</Year><Title>Freeliving marine nematode's from East African coasts. Bathyepsilonema anulosum sp.n. and Leptepsilonema richar.di sp.n.</Title><Series>Hydrobiologia</Series><Volume>239</Volume><Pagination>179-186</Pagination></sequence><sequence><Authors>Verschelde, D.; Vincx, M.</Authors><Year>1993</Year><Title>Draconematidae (Nematoda, Desmodoroidea) from the coast of Kenya, East Africa</Title><Series>Bull. Inst. r. Sci. nat. Belg.</Series><Volume>63</Volume><Pagination>25-53</Pagination></sequence><sequence><Authors>Verschelde, D.; Vincx, M.</Authors><Year>1993</Year><Title>Polkepsilonema mombasae gen. et sp. n. and Pternepsilonema servaesae gen. et sp. n. (Nematoda, Epsilonematidae) from East African coasts</Title><Series>Hydrobiologia</Series><Volume>257</Volume><Pagination>129-142</Pagination></sequence><sequence><Authors>Verschelde, D.; Vincx, M.</Authors><Year>1994</Year><Title>Epsilonematidae (Nematoda: Desmodoroidea) from the East African coast, with a discussion on the external morphology of cuticular appendages</Title><Series>Nematologica</Series><Volume>40</Volume><Pagination>78-105</Pagination></sequence><sequence><Authors>Verschelde, D.; Vincx, M.</Authors><Year>1995</Year><Title>Psammonema gen. n. and Pseudochromadora Daday, 1889 (Nematoda, Desmodoridae) from sandy sediments of Gazi, Kenya</Title><Series>Bulletin van het koninklijk Belgisch Instituut voor Natuurwetenschappen. Biologie</Series><Volume>65</Volume><Pagination>11-39</Pagination></sequence><sequence><Authors>Verschelde, D.; Vincx, M.</Authors><Year>1996</Year><Title>Four new species of the family Desmodoridae (Nematoda, Desmodoroidea) from Kenya</Title><Series>Zoologica Scripta</Series><Volume>25</Volume><Pagination>1-20</Pagination></sequence><sequence><Authors>Verseveldt, J.</Authors><Year>1969</Year><Title>A new species of the genus Anthelia (Octocorallia: Alcyonacea) from the Gulf of 'Aqaba (Red Sea)</Title><Series>Israel Journal of Zoology</Series><Volume>18</Volume><Pagination>325-327</Pagination></sequence><sequence><Authors>Verseveldt, J.</Authors><Year>1970</Year><Title>A new species of Sinularia (Octocorallia: Alcyonacea) from Madagascar</Title><Series>Israel Journal of Zoology</Series><Volume>19</Volume><Issue>3</Issue><Pagination>165-168</Pagination></sequence><sequence><Authors>Verseveldt, J.</Authors><Year>1970</Year><Title>Report of some Octocorallia (Alcyonacea) from the northern Red Sea</Title><Series>Israel Journal of Zoology</Series><Volume>19</Volume><Issue>4</Issue><Pagination>209-229</Pagination></sequence><sequence><Authors>Vervoort, W.</Authors><Year>1964</Year><Title>Note on the distribution of Garveia franciscana (Torrey, and Cordylophora caspia (Pallas, 1771) in the Netherlands</Title><Series>Zool. Meded., Leiden</Series><Volume>39</Volume><Pagination>125-146</Pagination></sequence><sequence><Authors>Verween, A.; Kerckhof, F.; Vincx, M.; Degraer, S.</Authors><Year>2006</Year><Title>First European record of the invasive brackish water clam Rangia cuneata (G.B Sowerby I, 1831) (Mollusca: Bivalvia).</Title><Series>Aquatic Invasions</Series><Volume>1</Volume><Issue>4</Issue><Pagination>198-203</Pagination></sequence><sequence><Authors>Vicente, C. S.; Frutos, I.; Cartes, J. E.</Authors><Year>2014</Year><Title>&lt;em&gt;Petalophthalmus papilloculatus &lt;/em&gt;sp. nov.&lt;em&gt; &lt;/em&gt;(Crustacea: Mysida: Petalophthalmidae), a new bathyal suprabenthic mysid from the Galicia Bank (NE Atlantic Ocean)</Title><Series>Zootaxa</Series><Volume>3765</Volume><Issue>1</Issue><Pagination>77</Pagination></sequence><sequence><Authors>Vieira, C.; D'hondt, S.; De Clerck, O.; Payri, C. E.</Authors><Year>2014</Year><Title>Toward an inordinate fondness for stars, beetles and Lobophora? Species&#160;diversity of the genus Lobophora (Dictyotales, Phaeophyceae) in&#160;New Caledonia</Title><Series>Journal of Phycology</Series><Volume>50</Volume><Issue>6</Issue><Pagination>1101-1119</Pagination></sequence><sequence><Authors>Vilvens C. &amp; H&#233;ros V.</Authors><Year>2003</Year><Title>Description of &lt;i&gt;Herpetopoma eboreum&lt;/i&gt; n.sp. (Gastropoda : Trochidae: Eucyclinae: Chilodoniini) from New Caledonia.</Title><Series>Novapex</Series><Volume>4</Volume><Issue>2-3</Issue><Pagination>61-65</Pagination></sequence><sequence><Authors>Vincx, M.</Authors><Year>1983</Year><Title>Redescription and ontogenetic study of Desmodora schulzi Gerlach 1950</Title><Series>Biol. Jb. Dodonaea</Series><Volume>51</Volume><Pagination>171-179</Pagination></sequence><sequence><Authors>Vincx, M.</Authors><Year>1986</Year><Title>Free-living marine nematodes from the Southern Bight of the North Sea. I. Notes on species of the genera Gonionchus Cobb, 1920, Neochromadora Micoletzky, 1924 and Sabatieria Rouville, 1903</Title><Series>Hydrobiologia</Series><Volume>140</Volume><Issue>3</Issue><Pagination>255-286</Pagination></sequence><sequence><Authors>Vincx, M.</Authors><Year>1989</Year><Title>Free-living marine nematodes from the southern bight of the North sea</Title><Series>Mededelingen van de Koninklijke Academie voor Wetenschappen, Letteren en Schone Kunsten van Belgi&#235; Academia Analecta</Series><Volume>51</Volume><Issue>1</Issue><Pagination>39-70</Pagination></sequence><sequence><Authors>Vincx, M.; Coomans, A.</Authors><Year>1983</Year><Title>Daptonema williamsi sp.n. (Nematoda, Xyalidae) from the Solomon Islands</Title><Series>Zoologica Scripta</Series><Volume>12</Volume><Issue>4</Issue><Pagination>237-244</Pagination></sequence><sequence><Authors>Vincx, M.; Dewicke, A.; Mees, J.; Steyaert, M.; Van Gansbeeke, D.</Authors><Year>1994</Year><Title>Benthos of the North Sea: able to recover or desperately lost?</Title><Book>Dialogue between scientists and users of the sea: Proceedings of a Symposium held on the occasion of the 10th anniversary of the civil service oceanographic research vessel Belgica, Ostend, 17-19 October 1994</Book><Pagination>33-41</Pagination></sequence><sequence><Authors>Vincx, M.; Furstenberg, J. P.</Authors><Year>1988</Year><Title>Africanema interstitialis gen.nov.,sp.nov., a species which indicates the relationship between the Trefusiidae (Halanonchidae) and the Tripyloididae (Nematoda)</Title><Series>Stygologia</Series><Volume>4</Volume><Issue>1</Issue><Pagination>9-16</Pagination></sequence><sequence><Authors>Vincx, M.; Furstenberg, J. P.</Authors><Year>1989</Year><Title>Namibnema papillata gen. et sp.n. and Axonolaimus deconincki sp.n. (Nematoda, Axonolaimoidea) from marine and estuarine beaches of southern Africa</Title><Series>Zoologica Scripta</Series><Volume>18</Volume><Issue>2</Issue><Pagination>231-237</Pagination></sequence><sequence><Authors>Vincx, M.; Gourbault, N.</Authors><Year>1988</Year><Title>Two new species of Morlaixia gen. n. (Nematoda, Diplopeltidae) with a subterminal ventral mouth.</Title><Series>Bull. Mus. natn. Hist. nat., Paris</Series><Volume>4e s&#233;r., 10</Volume><Issue>sect. A, nr 4</Issue><Pagination>711-718</Pagination></sequence><sequence><Authors>Vincx, M.; Gourbault, N.</Authors><Year>1989</Year><Title>Desmodoridae from the Bay of Morlaix (Brittany) and the Southern Bight of the North Sea</Title><Series>Cahiers de Biologie Marine. Station Biologique de Roscoff</Series><Volume>30</Volume><Issue>1</Issue><Pagination>103-11</Pagination></sequence><sequence><Authors>Vincx, M.; Gourbault, N.</Authors><Year>1992</Year><Title>Six new species of the genus Diplopeltula (Nematoda: Diplopeltidae) with remarks on the heterogeneity of the taxon</Title><Series>Hydrobiologia</Series><Volume>230</Volume><Pagination>165-178</Pagination></sequence><sequence><Authors>Vincx, M.; Herman, R.</Authors><Year>1989</Year><Title>The influence of the Western Scheldt on the meiobenthos of the Belgian coastal area</Title><Book>Progress in Belgian Oceanographic Research 1989. Proceedings of the North Sea Symposium, Ghent.</Book><Pagination>283-296</Pagination></sequence><sequence><Authors>Vincx, M.; Meire, P.; Heip, C.</Authors><Year>1990</Year><Title>The distribution of Nematodes communities in the Southern Bight of the North Sea</Title><Series>Cah. Biol. Mar.</Series><Volume>31</Volume><Pagination>107-129</Pagination></sequence><sequence><Authors>Vincx, M.; Sharma, J.; Smol, N.</Authors><Year>1982</Year><Title>On the Identity and Nomenclature of Paracanthonchus caecus (Bastian, 1865), with a Redefinition of the Genus Paracanthonchus Micoletzky (Nematoda, Cyatholaimidae)</Title><Series>Zoologica Scripta</Series><Volume>11</Volume><Issue>4</Issue><Pagination>243-263</Pagination></sequence><sequence><Authors>Vincx, M.; Vanreusel, A.</Authors><Year>1989</Year><Title>Free-living marine nematodes from the Southern Bight of the North Sea II. Notes on species of the Trefusiidae Gerlach, 1966</Title><Series>Hydrobiologia</Series><Volume>175</Volume><Issue>3</Issue><Pagination>213-221</Pagination></sequence><sequence><Authors>Vine, P.</Authors><Year>1986</Year><Title>Red Sea Invertebrates</Title><Publisher>Immel Publishing</Publisher><City>London</City><Pagination>224</Pagination></sequence><sequence><Authors>VLIZ</Authors><Year>2016</Year><Title>Wetenschappelijke en handelsbenamingen voor visserij- en aquacultuurproducten op de Belgische markt</Title><Series>VLIZ Beleidsinformerende Nota's, BIN 2016_001</Series><Publisher>Vlaams Instituut voor de Zee</Publisher><City>Oostende</City><Pagination>28 + Annex.</Pagination></sequence><sequence><Authors>Vogt, C.</Authors><Year>1845</Year><Title>Beitr&#228;ge zur Naturgeschichte der Schweizerischen Crustaceen.</Title><Series>Neue Denkschriften der Allg. schweizerischen Gesellschaft fur die Gesammten Naturwissenschaften, Nouveaux Memoires de la Societe Helvetique des Sciences Naturelles</Series><Volume>7</Volume><Issue>1</Issue><Pagination>1-19, pls. 1-2</Pagination></sequence><sequence><Authors>Volkmer-Ribeiro, C.</Authors><Year>1970</Year><Title>&lt;i&gt;Oncosclera&lt;/i&gt;-a new genus of freshwater sponges (Porifera-Spongillidae) with rediscription of two species.</Title><Series>Amazoniana</Series><Volume>2</Volume><Issue>4</Issue><Pagination>435-442</Pagination></sequence><sequence><Authors>Volkmer-Ribeiro, C.</Authors><Year>1976</Year><Title>A new monotypic genus of neotropical freshwater sponges (Porifera-Spongillidae) and evidence of a speciation via hybridism.</Title><Series>Hydrobiologia</Series><Volume>50</Volume><Issue>3</Issue><Pagination>271-281</Pagination></sequence><sequence><Authors>Volkmer-Ribeiro, C.</Authors><Year>1986</Year><Title>Evolutionary study of the freshwater sponge genus &lt;i&gt;Metania&lt;/i&gt; Gray, 1867 : 3. Metaniidae, new family.</Title><Series>Amazoniana</Series><Volume>9</Volume><Issue>4</Issue><Pagination>493-509</Pagination></sequence><sequence><Authors>Volkmer-Ribeiro, C.</Authors><Year>1996</Year><Title>&lt;i&gt;Acanthodiscus&lt;/i&gt; new genus and genus &lt;i&gt;Anheteromeyenia&lt;/i&gt; redefined (Porifera, Spongillidae)</Title><Series>Iheringia. S&#233;rie Zoologia</Series><Volume>81</Volume><Pagination>31-43</Pagination></sequence><sequence><Authors>Volkmer-Ribeiro, C.; Barbosa, R.R.; Tavares, M.C.M.</Authors><Year>1988</Year><Title>&lt;i&gt;Anheteromeyenia sheilae&lt;/i&gt; sp. n. e outras esponjas dulciaquicolas da regiao costeira do Rio Grande do Sul [&lt;i&gt;Anheteromeyenia sheilae&lt;/i&gt; sp. n. and other freshwater sponges from the coastal region of Rio Grande do Sul].</Title><Series>Iheringia. S&#233;rie zoologia</Series><Volume>68</Volume><Pagination>83-98</Pagination></sequence><sequence><Authors>Volkmer-Ribeiro, C.; Becker Maciel, S.</Authors><Year>1983</Year><Title>New freshwater sponges from Amazonian waters.</Title><Series>Amazoniana</Series><Volume>8</Volume><Issue>2</Issue><Pagination>255-264</Pagination></sequence><sequence><Authors>Volkmer-Ribeiro, C.; Costa, P.R.C.</Authors><Year>1993</Year><Title>Redescription of the Oriental and Australian species of the genus &lt;i&gt;Metania&lt;/i&gt; Gray, 1867 (Porifera: Metaniidae).</Title><Series>Iheringia. S&#233;rie Zoologia</Series><Volume>74</Volume><Pagination>81-101</Pagination></sequence><sequence><Authors>Volkmer-Ribeiro, C.; de Rosa Barbosa, R.</Authors><Year>1978</Year><Title>A new genus and species of neotropical freshwater sponges.</Title><Series>Iheringia. S&#233;rie Zoologia</Series><Volume>52</Volume><Pagination>103-107</Pagination></sequence><sequence><Authors>Volkmer-Ribeiro, C.; Mothes De Moraes, B.</Authors><Year>1981</Year><Title>&lt;i&gt;Drulia ctenosclera&lt;/i&gt;, a new species of neotropical spongillid.</Title><Series>Iheringia. S&#233;rie Zoologia</Series><Volume>60</Volume><Pagination>117-121</Pagination></sequence><sequence><Authors>von Willemoes-Suhm, R.</Authors><Year>1875</Year><Title>On some Atlantic Crustacea from the Challenger Expedition</Title><Series>Trans. Linn. Soc. of Lond., Zool. I(Part the First)</Series><Pagination>23-59, plates VI-XIII</Pagination></sequence><sequence><Authors>Voultsiadou-Koukoura, E.; Van Soest, R.W.M.</Authors><Year>1993</Year><Title>Suberitidae (Demospongiae, Hadromerida) from the North Aegean Sea.</Title><Series>Beaufortia</Series><Volume>43</Volume><Issue>11</Issue><Pagination>176-186</Pagination></sequence><sequence><Authors>Wagner, N.</Authors><Year>1872</Year><Title>Nouveau groupe d'Annelides</Title><Series>Trudy Obsch.estest St.Petersburg</Series><Volume>3</Volume><Pagination>344-347, Plate 33, fig.8-11.</Pagination></sequence><sequence><Authors>Walker, A.O.</Authors><Year>1901</Year><Title>Contributions to the Malacostracan fauna of the Mediterranean.</Title><Series>The Journal of the Linnean Society of London. Zoology</Series><Volume>28</Volume><Issue>182</Issue><Pagination>290-307, plate 27</Pagination></sequence><sequence><Authors>Walton, C.L.</Authors><Year>1908</Year><Title>Notes on some Sagartiidae and Zoanthidae from Plymouth.</Title><Series>Journal of the Marine Biological Association of the United Kingdom</Series><Volume>8</Volume><Pagination>207-214</Pagination></sequence><sequence><Authors>Wambacq, M.</Authors><Year>2010</Year><Title>Temporele patronen in de samenstelling en gemeenschapsstructuur van de ichtyofauna in de Beneden-Zeeschelde. Een synthese van de biologische data in de Electrabel Kerncentrale te Doel tussen 1991 en 2010</Title><Series>MSc Thesis. Katholieke Universiteit Leuven (KUL), Faculteit der Wetenschappen, Departement Biologie: Leuven</Series><Pagination>82</Pagination></sequence><sequence><Authors>Wang, S.</Authors><Year>1998</Year><Title>On new and rare species of Mysidacea (Crustacea) from the Northern South China Sea</Title><Series>Studia Marina Sinica</Series><Volume>40</Volume><Pagination>199-244</Pagination></sequence><sequence><Authors>War&#233;n, A.</Authors><Year>1991</Year><Title>New and little known Mollusca from Iceland and Scandinavia</Title><Series>Sarsia</Series><Volume>76</Volume><Pagination>53-124</Pagination></sequence><sequence><Authors>Watson, R.B.</Authors><Year>1879</Year><Title>Mollusca of H.M.S. 'Challenger' Expedition. IV. Trochidae continued, viz. the genera &lt;i&gt;Basilissa&lt;/i&gt; and &lt;i&gt;Trochus&lt;/i&gt;, and the Turbinidae, viz. the genus &lt;i&gt;Turbo&lt;/i&gt;</Title><Series>Journal of the Linnean Society (London)</Series><Volume>14</Volume><Pagination>692-716</Pagination></sequence><sequence><Authors>Whitehead, P.J.P.</Authors><Year>1963</Year><Title>A revision of the recent round herrings (Pisces: Dussumieriidae)</Title><Series>Bull. Brit. Mus. Nat. Hist. (Zool.)</Series><Volume>10</Volume><Pagination>305-380</Pagination></sequence><sequence><Authors>Whitelegge, T.</Authors><Year>1902</Year><Title>Notes on Lendenfeld's types described in the catalogue of sponges in the Australian Museum.</Title><Series>Records of the Australian Museum</Series><Volume>4</Volume><Issue>7</Issue><Pagination>274-288</Pagination></sequence><sequence><Authors>Wiedenmayer, F.</Authors><Year>1989</Year><Title>Demospongiae (Porifera) from northern Bass Strait, southern Australia</Title><Series>Memoirs Museum Victoria</Series><Volume>50</Volume><Issue>1</Issue><Pagination>1-242, pls 1-38</Pagination></sequence><sequence><Authors>Wieser, W.</Authors><Year>1953</Year><Title>Reports of the Lund University Chile expedition 1948-1949: 1. Enoploidea</Title><Series>Lunds Universitets &#197;rsskrift, N. F.</Series><Volume>49</Volume><Issue>6</Issue><Pagination>1-155</Pagination></sequence><sequence><Authors>Wieser, W.</Authors><Year>1955</Year><Title>A collection of marine nematodes from Japan</Title><Series>Publ. Seto Mar. Biol. Lab.</Series><Volume>IV</Volume><Issue>2-3</Issue><Pagination>159-181</Pagination></sequence><sequence><Authors>Wieser, W.; Hopper, B.</Authors><Year>1966</Year><Title>The Neotonchinae, new subfamily (Cyatholaimidae: Nenatoda), with an analysis of its genera, Neotonchus Cobb, 1933 and Gompnionema new genus</Title><Series>Canadian Journal of Zoology</Series><Volume>44</Volume><Issue>4</Issue><Pagination>519-532</Pagination></sequence><sequence><Authors>Willems, K. A.; Vincx, M.; Claeys, D.; Vansomael, C.; Heip, C.</Authors><Year>1982</Year><Title>Meiobenthos of a sublittoral sandbank in the southern bight of the North Sea</Title><Series>Journal of the Marine Biological Association of the UK</Series><Volume>62</Volume><Pagination>535-548</Pagination></sequence><sequence><Authors>Willenz, P.</Authors><Year>1994</Year><Title>Annotated catalogue of Porifera type specimens in the Belgian national collections.</Title><Series>Bulletin de l'Institut Royal des Sciences Naturelles de Belgique</Series><Volume>64</Volume><Pagination>5-15</Pagination></sequence><sequence><Authors>Willenz, P.; Hartmann, W.D.</Authors><Year>1989</Year><Title>Micromorphology and ultrastructure of Caribbean sclerosponges. 1. &lt;i&gt;Ceratoporella nicholsoni&lt;/i&gt; and &lt;i&gt;Stromatospongia norae&lt;/i&gt; (Ceratorporellidae: Porifera).</Title><Series>Marine Biology</Series><Volume>103</Volume><Issue>3</Issue><Pagination>387-401</Pagination></sequence><sequence><Authors>Williams, D.M.</Authors><Year>1989</Year><Title>Cavitatus D.M. Williams, nov. gen.: A new genus of fossil diatom (Bacillariophyta) based on Synedra jouseana Sheshukova-Poretskaya.</Title><Series>Review of Palaeobotany and Palynology</Series><Volume>58</Volume><Issue>2-4</Issue><Pagination>357-362</Pagination></sequence><sequence><Authors>Williams, G.C.</Authors><Year>1999</Year><Title>Index Pennatulacea: annotated bibliography and indexes of the Sea Pens (Coelenterata: Octocorallia) of the World 1469-1999</Title><Series>Proc. Calif. Acad. Sci.</Series><Volume>51</Volume><Issue>2</Issue><Pagination>19-103, 1 fig., 14 plates</Pagination></sequence><sequence><Authors>Wilson, Douglas P.</Authors><Year>1958</Year><Title>The polychaete &lt;i&gt;Magelona alleni&lt;/i&gt; n.sp. and a re-assessment of &lt;i&gt;Magelona cincta&lt;/i&gt; Ehlers.</Title><Series>Journal of the Marine Biological Association of the United Kingdom</Series><Volume>37</Volume><Issue>3</Issue><Pagination>617-626</Pagination></sequence><sequence><Authors>Wilson, H.V.</Authors><Year>1894</Year><Title>Observations on the gemmule and egg development of marine sponges.</Title><Series>Journal of Morphology</Series><Volume>9</Volume><Pagination>277-406, pls XIV-XXV</Pagination></sequence><sequence><Authors>Wittmann, K. J.; Ariani, A. P.</Authors><Year>2012</Year><Title>&lt;I&gt;Diamysis cymodoceae&lt;/I&gt; sp. nov. from the Mediterranean, Marmora, and Black Sea basins, with notes on geographical distribution and ecology of the genus (Mysida, Mysidae)</Title><Series>Crustaceana</Series><Volume>85</Volume><Issue>3</Issue><Pagination>301-332</Pagination></sequence><sequence><Title>WL Adviezen</Title><Publisher>Waterbouwkundig Laboratorium</Publisher><City>Antwerpen</City></sequence><sequence><Authors>Wolf, M. A.; Sciuto, K.; Andreoli, C.; Moro, I.</Authors><Year>2012</Year><Title>Ulva (Chlorophyta, Ulvales) Biodiversity in the North Adriatic Sea (Mediterranean, Italy): Cryptic Species and New Introductions</Title><Series>Journal of Phycology</Series><Volume>48</Volume><Issue>6</Issue><Pagination>1510-1521</Pagination></sequence><sequence><Authors>Wolf, M. A.; Sfriso, A.; Andreoli, C.; Moro, I.</Authors><Year>2011</Year><Title>The presence of exotic &lt;i&gt;Hypnea flexicaulis&lt;/i&gt; (Rhodophyta) in the Mediterranean Sea as indicated by morphology, rbcL and cox1 analyses</Title><Series>Aquatic Botany</Series><Volume>95</Volume><Issue>1</Issue><Pagination>55-58</Pagination></sequence><sequence><Authors>Wolff, W. J.</Authors><Year>1969</Year><Title>Three species of Microphthalmus (Polychaeta) new to the Netherlands</Title><Series>Zoologische Mededeelingen (Leiden)</Series><Volume>43</Volume><Issue>23</Issue><Pagination>307-311</Pagination></sequence><sequence><Authors>Wood-Mason J, Alcock A</Authors><Year>1891</Year><Title>Natural history notes from H.M. Indian marine survey steamer 'Investigator', Commander R.F. Hoskyn, R.N., commanding. No. 21. Note on the results of the last season's deep-sea dredging</Title><Series>Annals and Magazine of Natural History, Series 6</Series><Volume>7</Volume><Issue>37</Issue><Pagination>1-19, (38) 186-202</Pagination></sequence><sequence><Authors>Wood-Mason, J.; Alcock, A.</Authors><Year>1891</Year><Title>Natural history notes from H.M. Indian marine survey steamer 'Investigator', Commander R.F. Hoskyn, R.N., commanding. No. 21. Note on the results of the last season's deep-sea dredging [concl.]</Title><Series>Annals and Magazine of Natural History</Series><Volume>6</Volume><Issue>34</Issue><Pagination>258-272</Pagination></sequence><sequence><Authors>Wood, S. V.</Authors><Year>1844</Year><Title>III.&#8212;Descriptive Catalogue of the Zoophytes from the Crag</Title><Series>Annals and Magazine of Natural History</Series><Volume>13</Volume><Issue>81</Issue><Pagination>10-21</Pagination></sequence><sequence><Title>World Literature Today</Title><City>Norman</City></sequence><sequence><Authors>Wouters, K.</Authors><Year>1982</Year><Title>The ostracod fauna of the East Anglian Coralline Crag, Letter to The Editor</Title><Series>Proceedings of the Geological Association</Series><Volume>93</Volume><Pagination>314-315</Pagination></sequence><sequence><Authors>Wouters, K.</Authors><Year>1988</Year><Title>Two interesting new marine interstitial Ostracoda (Crustacea) from the Comoros, with the description of Danipussella gen. nov.</Title><Series>Bulletin de L'Institut Royal des Sciences Naturelles de Belgique</Series><Volume>58</Volume><Pagination>85-93</Pagination></sequence><sequence><Authors>Wouters, K.A.</Authors><Year>1985</Year><Title>Corophium curvispinum Sars, 1895 in the river Meuse, Belgium.</Title><Series>Crustaceana</Series><Volume>48</Volume><Issue>2</Issue><Pagination>218-220</Pagination></sequence><sequence><Title>Xinan Daxue Xuebao Ziran Kexue Ban</Title><City>Chongqing</City></sequence><sequence><Authors>Yamada, Y.</Authors><Year>1928</Year><Title>Report of the biological survey of Mutsu Bay. 9. Marine algae of Mutsu Bay and adjacent waters. II.</Title><Series>The Science Reports of the Tohoku University, Fourth series, Biology</Series><Volume>3</Volume><Pagination>497-534</Pagination></sequence><sequence><Authors>Zabala, M.; Maluquer, P.</Authors><Year>1988</Year><Title>Illustrated keys for the classification of Mediterranaean Bryozoa</Title><Series>Treb. Mus. Zool. Barcelona</Series><Volume>4</Volume><Pagination>5-294</Pagination></sequence><sequence><Authors>Zagami, G., G. Costanzo &amp; N. Crescenti</Authors><Year>2005</Year><Title>First record in Mediterranean Sea and redescription of the bentho-planktonic calanoid copepod species Pseudocyclops xiphophorus Wells, 1967.</Title><Series>Journal of Marine Systems</Series><Volume>55</Volume><Issue>1-2</Issue><Pagination>67-76</Pagination></sequence><sequence><Authors>Zariquiey &#193;lvarez, R.</Authors><Year>1968</Year><Title>Crust&#225;ceos Dec&#225;podos ib&#233;ricos</Title><Series>Investigaci&#243;n Pesquera, Barcelona</Series><Volume>32</Volume><Pagination>1-510</Pagination></sequence><sequence><Authors>Zavodnik, D.; Vidakovic, J.; Amoureux, L.</Authors><Year>1985</Year><Title>Contribution to sediment macrofauna in the area of Rovinj (North Adriatic Sea)</Title><Series>Cahiers de Biologie Marine</Series><Volume>26</Volume><Issue>4</Issue><Pagination>431-444</Pagination></sequence><sequence><Authors>Zdzitowiecki, K.</Authors><Year>1998</Year><Title>Diversity of Digenea, parasites of fishes in various areas of the Antarctic</Title><Book>Fishes of Antarctica: a biological overview</Book><Pagination>87-94</Pagination></sequence><sequence><Authors>Zuev, G. V.; Boltachev, A. R.</Authors><Year>1998</Year><Title>The life history characters of the haarder (Mugil so-iuy Basilewsky, 1855) at the Crimean western coast</Title><Series>Ekologiya Morya</Series><Volume>47</Volume><Pagination>29-33</Pagination></sequence><sequence><Title>&#1058;&#1088;&#1091;&#1076;&#1099; &#1042;&#1086;&#1083;&#1075;&#1086;&#1075;&#1088;&#1072;&#1076;&#1089;&#1082;&#1086;&#1075;&#1086; &#1086;&#1090;&#1076;&#1077;&#1083;&#1077;&#1085;&#1080;&#1103; &#1043;&#1086;&#1089;&#1053;&#1048;&#1054;&#1056;&#1061; = Trudy Volgogradskogo otdeleniya GosNIORH</Title><City>Volgograd</City></sequence></dataset>